          "Hrvatske ume", d.o.o.                                                                                Stranica:      1
          GJ:  Mali Kalnik - Orehovec  2011-2020                                                                 08.07.2011 08:19

                                           METODOLOGIJA OCJENJIVANJA OPEKORISNIH FUNKCIJA UMA

                                                                                                                     Obrazac O-16
          Ŀ
                                                               OPEKORISNE FUNKCIJE UMA                                     
                      Ĵ
                               Zatita            Utjecaj na                          Rekre-                       
                              zemljita  Utjecaj   plodnost         Zatita Stvaranje ativna, Utje-Zatitne        
                              i promet- na vodni   tla i po-Utjecaj  i una-  kisika i turist.caj na ume i         
                      Povrina nica od reim i hi-ljodjelsku  na    preenje  proi- i zdrav- faunu ume s  Ukupno 
          Odjel Odsjek         erozije, droenerg.  proizvo-  klimu ovjekova avanje stvena  i lovposebnom        
                               bujica i  sustav      dnju           okolia atmosferefunkcija      namjenom        
                               poplava                                                                             
                                 1-5      1-4         1-4     1-4     0-3      1-4     1-4     1-5   8-10          
                      Ĵ
                         ha                                             Ocjena                                              
          Ĵ
             1     2      3       4         5          6       7       8        9       10     11     12      13   
          Ĵ
              1   A      14,72    1,0       3,0         2       3       3        2        1      3      9      27,0
              1   B      22,43    2,0       3,0         2       3       3        2        1      3      9      28,0
              1   C       8,45    2,0       3,0         2       3       3        2        1      3             19,0
              2   A       8,64    2,0       3,0         2       3       3        1        1      3      9      27,0
              2   B      22,66    1,0       3,0         2       3       3        2        1      3      9      27,0
              2   C       5,35    2,0       3,0         2       3       3        2        1      3             19,0
              2   D       4,94    2,0       3,0         2       3       3        2        1      3             19,0
              3   A      27,15    2,0       3,0         2       3       3        2        1      3      9      28,0
              3   B       7,72    2,0       3,0         2       3       3        2        1      3      9      28,0
              3   C       1,91    2,0       2,0         2       3       3        2        1      3             18,0
              4   A      17,22    1,0       3,0         2       3       3        2        1      3      9      27,0
              4   B      11,61    1,0       3,0         2       3       3        2        1      3             18,0
              4   C       6,96    1,0       3,0         2       3       3        2        1      3             18,0
              4   D       1,72    1,0       3,0         2       3       3        2        1      3      9      27,0
              4   E       1,52    1,0       3,0         2       3       3        2        1      3      9      27,0
              4   F       0,60    1,0       3,0         2       3       3        2        1      3      9      27,0
              5   A      18,70    2,0       3,0         3       3       3        2        1      3      9      29,0
              5   B       6,14    2,0       3,0         2       3       3        2        1      3      9      28,0
              5   C       7,02    2,0       3,0         2       3       3        2        1      3      9      28,0
              5   D       5,69    1,0       3,0         2       3       3        2        1      3             18,0
              6   A      12,65    1,0       3,0         2       3       3        2        1      3      9      27,0
              6   B      12,35    2,0       3,0         2       3       3        2        1      3      9      28,0
              7   A      52,68    1,0       3,0         2       3       3        2        1      3      9      27,0
              8   A      14,45    1,0       3,0         2       3       3        2        1      3      9      27,0
              8   B       8,60    2,0       3,0         2       3       3        2        1      3      9      28,0
              9   A      16,77    1,0       3,0         2       3       3        2        1      3      9      27,0
              9   B       4,58    2,0       3,0         2       3       3        2        1      3      9      28,0
             10   A      15,33    2,0       4,0         2       3       3        2        1      3      9      29,0
             10   B       9,46    2,0       3,0         2       3       3        2        1      3      9      28,0
             10   C       1,60    1,0       3,0         3       4       3        2        1      3      9      29,0
             11   A      36,06    1,0       3,0         3       4       3        2        1      3             20,0
             11   B       9,95    1,0       3,0         3       4       3        2        1      3             20,0
             11   C       1,26    1,0       3,0         3       4       3        2        1      3             20,0
             12   A      28,81    1,0       3,0         3       3       3        2        1      3             19,0
             12   B      13,63    1,0       3,0         3       3       3        2        1      3             19,0
             12   C       8,50    1,0       3,0         3       3       3        2        1      3             19,0
             12   D       4,15    1,0       3,0         3       3       3        2        1      3             19,0
             13   A      23,46    1,0       3,0         3       3       3        2        1      3             19,0
             13   B      10,52    1,0       3,0         3       3       3        2        1      3             19,0
             14   A      18,02    1,0       3,0         3       4       3        2        1      3             20,0
             14   B       9,75    1,0       3,0         3       4       3        2        1      3             20,0
             14   C       1,64    1,0       3,0         3       4       3        2        1      3             20,0
             14   D       5,28    1,0       3,0         3       4       3        2        1      3             20,0
             15   A      19,33    1,0       3,0         3       3       3        2        1      3             19,0          "Hrvatske ume", d.o.o.                                                                                Stranica:      2
          GJ:  Mali Kalnik - Orehovec  2011-2020                                                                 08.07.2011 08:19

                                           METODOLOGIJA OCJENJIVANJA OPEKORISNIH FUNKCIJA UMA

                                                                                                                     Obrazac O-16
          Ŀ
                                                               OPEKORISNE FUNKCIJE UMA                                     
                      Ĵ
                               Zatita            Utjecaj na                          Rekre-                       
                              zemljita  Utjecaj   plodnost         Zatita Stvaranje ativna, Utje-Zatitne        
                              i promet- na vodni   tla i po-Utjecaj  i una-  kisika i turist.caj na ume i         
                      Povrina nica od reim i hi-ljodjelsku  na    preenje  proi- i zdrav- faunu ume s  Ukupno 
          Odjel Odsjek         erozije, droenerg.  proizvo-  klimu ovjekova avanje stvena  i lovposebnom        
                               bujica i  sustav      dnju           okolia atmosferefunkcija      namjenom        
                               poplava                                                                             
                                 1-5      1-4         1-4     1-4     0-3      1-4     1-4     1-5   8-10          
                      Ĵ
                         ha                                             Ocjena                                              
          Ĵ
             1     2      3       4         5          6       7       8        9       10     11     12      13   
          Ĵ
             15   B      11,62    1,0       3,0         3       3       3        2        1      3             19,0
             15   C       3,73    1,0       3,0         3       3       3        2        1      3             19,0
             16   A      31,69    1,0       2,0         3       4       3        2        1      3             19,0
             16   B      12,67    1,0       2,0         3       4       3        2        1      3             19,0
             16   C       1,64    1,0       3,0         3       4       3        2        1      3             20,0
             17   A      39,34    1,0       3,0         3       3       3        2        1      3             19,0
             17   B      18,81    1,0       3,0         3       4       3        2        1      3             20,0
             18   A      18,68    1,0       3,0         3       4       3        2        1      3             20,0
             18   B      10,33    1,0       3,0         3       4       3        2        1      3             20,0
             18   C       5,64    1,0       3,0         3       4       3        2        1      3             20,0
             18   D       2,39    1,0       3,0         3       4       3        2        1      3             20,0
             18   E       2,70    1,0       2,0         3       4       3        2        1      3             19,0
             19   A      27,06    1,0       3,0         3       3       3        2        1      3             19,0
             19   B      18,95    1,0       3,0         3       4       2        1        3      3             20,0
             19   C       6,67    1,0       3,0         3       4       3        2        1      3             20,0
             20   A      22,45    1,0       3,0         3       3       3        2        1      3             19,0
             20   B      17,45    1,0       3,0         3       3       3        2        1      3             19,0
             20   C       4,16    1,0       2,0         3       3       3        2        1      3             18,0
             20   D       5,35    1,0       3,0         3       3       3        2        1      3             19,0
             20   E       2,24    1,0       3,0         3       3       3        2        1      3             19,0
             21   A      28,60    1,0       3,0         3       3       3        2        1      3             19,0
             22   A      14,59    1,0       3,0         3       3       3        2        1      3             19,0
             22   B      14,01    1,0       3,0         3       3       3        2        1      3             19,0
             22   C       8,52    1,0       3,0         3       3       3        2        1      3             19,0
             22   D       9,20    1,0       3,0         3       3       3        2        1      3             19,0
             23   A      30,22    1,0       3,0         3       4       3        2        1      3             20,0
             23   B       6,57    1,0       3,0         3       4       3        2        1      3             20,0
             23   C       7,99    1,0       3,0         3       4       3        2        1      3             20,0
             24   A      21,49    1,0       3,0         3       4       3        2        1      3             20,0
             24   B       3,95    1,0       3,0         3       4       3        2        1      3             20,0
             24   C       7,15    1,0       3,0         3       4       3        2        1      3             20,0
             24   D       2,75    1,0       3,0         3       4       3        2        1      3             20,0
             24   E       2,24    1,0       2,0         3       4       3        2        1      3             19,0
             24   F       1,63    1,0       3,0         3       4       3        2        1      3             20,0
             25   A      40,34    1,0       3,0         3       3       3        2        1      3             19,0
             25   B       6,14    1,0       3,0         3       3       3        2        1      3             19,0
             25   C      10,75    1,0       3,0         3       3       3        2        1      3             19,0
             26   A      28,03    1,0       3,0         3       3       3        2        1      3             19,0
             26   B       9,80    1,0       3,0         3       3       3        2        1      3             19,0
             26   C       7,20    1,0       3,0         3       3       3        2        1      3             19,0
             26   D       6,13    1,0       3,0         3       3       3        2        1      3             19,0
             26   E       1,98    1,0       3,0         3       3       3        2        1      3             19,0
             26   F       1,98    1,0       3,0         3       3       3        2        1      3             19,0
             27   A      17,38    1,0       3,0         3       3       3        2        1      3             19,0          "Hrvatske ume", d.o.o.                                                                                Stranica:      3
          GJ:  Mali Kalnik - Orehovec  2011-2020                                                                 08.07.2011 08:19

                                           METODOLOGIJA OCJENJIVANJA OPEKORISNIH FUNKCIJA UMA

                                                                                                                     Obrazac O-16
          Ŀ
                                                               OPEKORISNE FUNKCIJE UMA                                     
                      Ĵ
                               Zatita            Utjecaj na                          Rekre-                       
                              zemljita  Utjecaj   plodnost         Zatita Stvaranje ativna, Utje-Zatitne        
                              i promet- na vodni   tla i po-Utjecaj  i una-  kisika i turist.caj na ume i         
                      Povrina nica od reim i hi-ljodjelsku  na    preenje  proi- i zdrav- faunu ume s  Ukupno 
          Odjel Odsjek         erozije, droenerg.  proizvo-  klimu ovjekova avanje stvena  i lovposebnom        
                               bujica i  sustav      dnju           okolia atmosferefunkcija      namjenom        
                               poplava                                                                             
                                 1-5      1-4         1-4     1-4     0-3      1-4     1-4     1-5   8-10          
                      Ĵ
                         ha                                             Ocjena                                              
          Ĵ
             1     2      3       4         5          6       7       8        9       10     11     12      13   
          Ĵ
             27   B      10,91    1,0       3,0         3       4       3        2        1      3             20,0
             27   C       7,82    1,0       3,0         3       4       3        2        1      3             20,0
             27   D       4,60    1,0       3,0         3       4       3        2        1      3             20,0
             27   E       3,86    1,0       3,0         3       4       3        2        1      3             20,0
             27   F       2,58    1,0       3,0         3       4       3        2        1      3             20,0
             27   G       1,42    1,0       3,0         3       4       3        2        1      3             20,0
             27   H       1,57    1,0       3,0         3       4       3        2        1      3             20,0
          Ĵ
          Ukupno       1124,95  111,0     280,0       257     320     284      188       97    285    207    2029,0
          Ĵ
          Ocjena                1,150     2,964      2,71    3,29    2,98     1,98     1,03   3,00   2,44    21,546
          
