   "Hrvatske ume", d.o.o.                                                                                           Stranica:      1
   GJ:  Mali Kalnik - Orehovec  2011-2020                                                                            04.07.2011 11:59

                                                Mjerenje visina srednjeg plonog stabla                                              
                                                  i utvrivanje elemenata po tablicama                                               

                                 
   Ŀ
                                         Op-        Dob-          IZMJERENO     SR. VISINA         UTVRENO - tablice      
                                 Glavna hod- Odjel  ni  Sta- Ĵ
         Ureajni razred         vrsta  nja  Odsjek raz-rost   N     D     G       H                   Z         G     
                                 drvea god.        red      kom/ha  cm  m2/ha     m      Bonitet    m3/ha     m2/ha   
   Ĵ
   Raynodobna sjemenja;a lu\njaLUNJAK                                                                                 
                                         10   12 D         0     1847,50  3,19                                         
                                         10   24 C         0     3950,53  7,82                                         
                                         10   24 F         0     2035,77  2,01                                         
                                         10   25 B         0     2755,58  6,55                                         
                                         10   26 F         0     3451,64  7,12                                         
                                         10   27 B         0     2945,91  4,80                                         
   Raynodobna sjemenja;a hrastaKITNJAK                                                                                 
                                         10    2 C         0    14729,43 10,00                                         
                                         10    4 B         0    14130,27 10,15                                         
                                         10   11 A         0     5339,58  6,52                                         
                                         10   11 C         0    20333,48 17,87                                         
                                         10   12 B         0     8235,42  8,08                                         
                                         10   12 C         0     8836,84  9,38                                         
                                         10   13 A         0    10535,15 10,19                                         
                                         10   14 A         0     6436,86  6,83                                         
                                         10   14 C         0    10346,34 17,37                                         
                                         10   16 A         0     3743,54  5,51                                         
                                         10   17 A         0     4543,73  6,76                                         
                                         10   17 B         0     5634,12  5,12                                         
                                         10   18 A         0     3246,87  5,52                                         
                                         10   19 A         0     5438,30  6,22                                         
                                         10   20 A         0    11636,40 12,07                                         
                                         10   20 B         0     5746,38  9,63                                         
                                         10   21 A         0     6637,01  7,10                                         
                                         10   22 A         0     6841,16  9,05                                         
                                         10   22 B         0     8237,13  8,88                                         
                                         10   22 C         0     2748,61  5,01                                         
                                         10   23 A         0     4844,48  7,46                                         
                                         10   23 B         0    14935,48 14,73                                         
                                         10   24 A         0     5143,62  7,62                                         
                                         10   25 A         0     6134,40  5,67                                         
                                         10   26 D         0     8336,68  8,77                                         
                                         10   26 E         0    12241,13 16,21                                         
                                         10   27 D         0     9536,79 10,10                                         
                                         10   27 E         0    15239,39 18,52                                         
   Raynodobna sjemenja;a bukve O.BUKVA                                                                                 
                                         10    1 C         0    43220,30 13,98                                         
                                         10    2 D         0    32526,79 18,32                                         
                                         10    3 C         0    38021,85 14,25                                         
                                         10    4 C         0    37225,44 18,91                                         
                                         10    5 D         0    54320,54 17,99                                         
                                         10   11 B         0    19228,95 12,64                                         
                                         10   12 A         0    14229,34  9,60                                         
                                         10   15 A         0    26229,96 18,47                                         
                                         10   15 B         0    23431,13 17,81                                         
                                         10   16 C         0     8429,55  5,76                                         
                                         10   18 B         0    20027,28 11,69                                         
                                         10   18 C         0    30025,45 15,26                                         
                                         10   19 B         0     7336,29  7,55                                         
   Raynodobna sjemenja;a obi;noO.GRAB                                                                                  
                                         10   13 B         0    22621,16  7,95                                         
      "Hrvatske ume", d.o.o.                                                                                           Stranica:      2
   GJ:  Mali Kalnik - Orehovec  2011-2020                                                                            04.07.2011 11:59

                                                Mjerenje visina srednjeg plonog stabla                                              
                                                  i utvrivanje elemenata po tablicama                                               

                                 
   Ŀ
                                         Op-        Dob-          IZMJERENO     SR. VISINA         UTVRENO - tablice      
                                 Glavna hod- Odjel  ni  Sta- Ĵ
         Ureajni razred         vrsta  nja  Odsjek raz-rost   N     D     G       H                   Z         G     
                                 drvea god.        red      kom/ha  cm  m2/ha     m      Bonitet    m3/ha     m2/ha   
   Ĵ
                                         10   18 D         0    11633,23 10,06                                         
                                         10   19 C         0    15820,78  5,36                                         
                                         10   20 D         0    66518,45 17,78                                         
                                         10   20 E         0    24624,80 11,88                                         
                                         10   24 D         0    17222,40  6,78                                         
                                         10   25 C         0    43921,89 16,52                                         
                                         10   26 B         0    38318,75 10,57                                         
                                         10   26 C         0    22121,20  7,80                                         
                                         10   27 A         0    33623,02 13,99                                         
                                         10   27 F         0    33020,31 10,69                                         
                                         10   27 G         0    17022,43  6,72                                         
   Raynodobna sjemenja;a bagremBAGREM                                                                                  
                                         10   14 B         0    46220,12 14,69                                         
                                         10   14 D         0    49519,65 15,01                                         
                                         10   15 C         0    30819,27  8,98                                         
                                         10   16 B         0    31920,79 10,83                                         
                                         10   18 E         0    75517,70 18,57                                         
                                         10   20 C         0    98719,10 28,28                                         
                                         10   22 D         0    38421,26 13,63                                         
                                         10   23 C         0    39219,99 12,30                                         
                                         10   24 B         0    18029,81 12,56                                         
                                         10   24 E         0    63319,54 18,98                                         
                                         10   26 A         0    18024,72  8,64                                         
                                         10   27 C         0    41418,77 11,46                                         
   raynodobna sjemanja;a kitnjaKITNJAK                                                                                 
                                         10    1 B         0    15928,50 10,14                                         
                                         10    2 B         0     8429,55  5,76                                         
                                         10    3 B         0    12430,45  9,03                                         
                                         10    4 A         0    19530,02 13,80                                         
                                         10    4 D         0    33314,70  5,65                                         
                                         10    5 A         0    18529,12 12,32                                         
                                         10    6 A         0    34823,13 14,62                                         
                                         10    7 A         0    25128,46 15,97                                         
                                         10    9 B         0     3735,44  3,65                                         
                                         10   10 A         0    39426,78 22,19                                         
                                         10   10 C         0    11721,40  4,21                                         
   raynodobna sjemenja;a bukve O.BUKVA                                                                                 
                                         10    1 A         0    57820,34 18,78                                         
                                         10    2 A         0    25723,08 10,75                                         
                                         10    3 A         0    31321,63 11,50                                         
                                         10    4 E         0    55018,87 15,38                                         
                                         10    4 F         0    66020,86 22,55                                         
                                         10    5 B         0    22231,32 17,10                                         
                                         10    5 C         0    37518,34  9,91                                         
                                         10    6 B         0    31120,99 10,76                                         
   raynodobna sjemenja;a bagremBAGREM                                                                                  
                                         10   10 B         0    44115,59  8,42                                         
   raynodobna panja;a bukve posO.BUKVA                                                                                 
                                         10    8 A         0    51419,47 15,30                                         
                                         10    8 B         0    11015,66  2,12                                         
                                         10    9 A         0    19920,69  6,69                                         
   
    