Hrvatske ume d.o.o. Zagreb                                                                                                                                                                                Stranica:      1
GJ:  Mali Kalnik - Orehovec  2011-2020                                                                                                                                                                     21.10.2011 11:11
                                                                                         D E N D R O M E T R I J S K A   L I S T A                                                                                         

Ureajni razred:  Raynodobna sjemenja;a lu\njaka                    
Povrina:            31,96   ha
Povrina uzorka:      6,0000 ha
Ŀ
          pBr.stSred. Tem.Zaliha Prirast          ETAT   m3, m3/ha, %                   D i s t r i b u c i j a    b r o j a    s t a b a l a    N/ha,  m a s a  m3/ha   i   m a s a   m3                       
Vrsta     ods=>3prom.       m3     m3    OmjerĴ
  drvea  sĴ m3/ha  m3/ha smjese  I/1   I/2  II/1  II/2    1     2      3     4     5     6     7     8     9    10    11    12    13    14    15    16   17   18   19   20 
          t N/ha cm  m2/ha          %                                   2.5   7.5   12.5  17.5  22.5  27.5  32.5  37.5  42.5  47.5  52.5  57.5  62.5  67.5  72.5  77.5 82.5 87.5 92.5 97.5
Ĵ
LUNJAK      16749,01 5,25   2434     45 28,54   721   607   559   567                                    1     2     3     5     5     5     3     2     0                    0          
                            76,16   1,41       22,56 18,99 17,49 17,74                                 0,77  1,99  5,10  9,54 11,88 15,01 11,57 10,57  3,49                 6,29          
                                     1,8          30    25    23    23                                   25    64   163   305   380   480   370   338   112                  201          
                                                                                                                                                                                          
KITNJAK       5942,58 1,40    711     14  8,34   207   195   172   166                  0     0           1     1     1     1     1     1     1           0                               
                            22,25   0,44        6,48  6,10  5,38  5,19               0,05  0,11        1,12  1,07  1,51  3,21  4,16  3,21  4,41        3,41                               
                                     1,9          29    27    24    23                  2     3          36    34    48   102   133   103   141         109                               
                                                                                                                                                                                          
CER            844,78 0,21    170      4  1,99    40    43    40    40                                          0           0     0     0                                                 
                             5,32   0,13        1,25  1,35  1,25  1,25                                       0,65        1,21  1,55  1,93                                                 
                                     2,4          24    25    24    24                                         21          39    49    62                                                 
                                                                                                                                                                                          
O.BUKVA      13329,35 1,50    543     16  6,37   112   119   117   114                  6     2     1     3     2     1           2     0                 0                               
                            16,99   0,50        3,50  3,72  3,66  3,57               0,43  0,45  0,60  1,95  2,01  2,01        4,64  1,76              3,12                               
                                     2,9          21    22    22    21                 14    14    19    62    64    64         148    56               100                               
                                                                                                                                                                                          
O.GRAB      122320,99 7,05   2672    107 31,33   620   603   640   655                 94    61    52    26    15     6     3     2                                                       
                            83,60   3,35       19,40 18,87 20,03 20,49               6,17 10,97 18,46 15,50 14,17  8,31  5,44  4,56                                                       
                                     4,0          23    23    24    25                197   351   590   495   453   266   174   146                                                       
                                                                                                                                                                                          
BAGREM       52222,66 3,51   1185     56 13,90   333   358   357   364                 21    21    15    11     2     4     3     2     0                                                 
                            37,08   1,75       10,42 11,20 11,17 11,39               1,60  3,92  5,57  6,50  2,27  5,09  4,99  5,32  1,80                                                 
                                     4,7          28    30    30    31                 51   125   178   208    73   163   160   170    57                                                 
                                                                                                                                                                                          
OTB           9523,21 0,67    161      5  1,89     9    10    10     9                  4     3     2     0     0           1     0                                                       
                             5,04   0,16        0,28  0,31  0,31  0,28               0,23  0,51  0,78  0,31  0,48        1,55  1,18                                                       
                                     3,1           6     6     6     6                  7    16    25    10    15          50    38                                                       
                                                                                                                                                                                          
OMB          54421,92 3,42    652     28  7,65   166   156   275   220                 20    17    14     7     4     3     1                                                             
                            20,40   0,88        5,19  4,88  8,60  6,88               1,30  2,81  4,28  3,49  2,89  3,34  2,31                                                             
                                     4,3          25    24    42    34                 42    90   137   111    92   107    74                                                             
                                                                                                                                                                                          
Ĵ
UKUPNO       275125,2823,01   8528    275100,00  2208  2091  2170  2135                148   108    87    52    29    20    16    15     8     4     2     2                    0          
                            266,84   8,62       69,09 65,43 67,90 66,80               9,78 18,77 29,69 29,64 25,53 25,36 28,25 33,29 23,71 15,98 10,57 10,02                 6,29          
                                                                                       312   599   949   947   816   810   902  1063   757   510   337   320                  201          
                                      3,2          26    25    25    25               0,77  0,61  0,44  0,37  0,31  0,29  0,26  0,23  0,19  0,17  0,15  0,16                 0,10          

Hrvatske ume d.o.o. Zagreb                                                                                                                                                                                Stranica:      2
GJ:  Mali Kalnik - Orehovec  2011-2020                                                                                                                                                                     21.10.2011 11:11
                                                                                         D E N D R O M E T R I J S K A   L I S T A                                                                                         

Ureajni razred:  Raynodobna sjemenja;a hrasta kitnjaka             
Povrina:           475,92   ha
Povrina uzorka:     27,0000 ha
Ŀ
          pBr.stSred. Tem.Zaliha Prirast          ETAT   m3, m3/ha, %                   D i s t r i b u c i j a    b r o j a    s t a b a l a    N/ha,  m a s a  m3/ha   i   m a s a   m3                       
Vrsta     ods=>3prom.       m3     m3    OmjerĴ
  drvea  sĴ m3/ha  m3/ha smjese  I/1   I/2  II/1  II/2    1     2      3     4     5     6     7     8     9    10    11    12    13    14    15    16   17   18   19   20 
          t N/ha cm  m2/ha          %                                   2.5   7.5   12.5  17.5  22.5  27.5  32.5  37.5  42.5  47.5  52.5  57.5  62.5  67.5  72.5  77.5 82.5 87.5 92.5 97.5
Ĵ
LUNJAK       4344,71 0,25   1293     29  1,02   212   260   206   197                              0     0     0     0     0     0     0     0     0           0                         
                             2,72   0,06        0,45  0,55  0,43  0,41                           0,09  0,12  0,17  0,29  0,24  0,60  0,11  0,34  0,53        0,22                         
                                     2,2          16    20    16    15                             42    58    83   137   115   284    52   162   254         106                         
                                                                                                                                                                                          
KITNJAK     224037,68 9,86  44855    933 35,32 11464 11335 10804 10652                  4     4     5     6    10     9     8     6     4     2     1     0     0    0    0    0          
                            94,25   1,96       24,09 23,82 22,70 22,38               0,31  0,85  2,05  4,26  9,50 11,94 15,15 14,30 13,58  8,78  4,87  4,16  1,20 2,05 0,66 0,58          
                                     2,0          26    25    24    24                146   405   978  2028  4521  5684  7212  6806  6464  4181  2316  1982   571  974  313  274          
                                                                                                                                                                                          
CER           6032,99 0,19   1042     29  0,82   171   182   175   167                  0     0     0     0     0     0     0     0                       0                               
                             2,19   0,06        0,36  0,38  0,37  0,35                     0,02  0,12  0,32  0,35  0,32  0,43  0,21                    0,41                               
                                     2,7          16    17    17    16                  2     9    59   152   167   152   202   102                     197                               
                                                                                                                                                                                          
O.BUKVA     142125,99 2,81  17472    519 13,76  4137  4199  3964  3903                 17    11     9     6     4     3     2     1     1     0     0     0     0         0               
                            36,71   1,09        8,69  8,82  8,33  8,20               1,14  1,91  3,15  3,38  4,23  4,44  3,85  4,14  4,02  2,39  1,46  1,41  0,91      0,28               
                                     2,9          24    24    23    22                541   909  1498  1610  2013  2113  1833  1968  1915  1137   694   673   434       135               
                                                                                                                                                                                          
O.GRAB      491120,17 5,98  23628    976 18,60  5994  5563  5524  5386                 71    44    28    14     8     3     1     0     0                 0                               
                            49,65   2,05       12,59 11,69 11,61 11,32               4,65  7,83 10,09  8,71  7,30  4,83  2,73  1,72  1,38              0,42                               
                                     4,1          25    24    23    23               2212  3729  4803  4144  3472  2299  1298   816   655               200                               
                                                                                                                                                                                          
BAGREM      529821,91 7,48  34282   1742 26,99 10734 11447 10690 10159                 72    45    31    21    13     6     3     1     0     0     0     0                               
                            72,03   3,66       22,55 24,05 22,46 21,35               5,26  8,40 11,01 12,32 11,73  7,78  6,36  3,49  2,55  1,20  1,64  0,29                               
                                     5,0          31    33    31    30               2504  3999  5241  5863  5584  3702  3025  1662  1213   570   781   139                               
                                                                                                                                                                                          
OTB          69321,36 0,99   3191    119  2,51   388   486   499   512                 12     5     3     1     1     0     0     0           0                                           
                             6,70   0,25        0,82  1,02  1,05  1,08               0,64  0,84  1,00  0,79  0,78  0,67  0,90  0,87        0,22                                           
                                     3,7          12    15    16    16                304   400   475   375   372   320   427   414         105                                           
                                                                                                                                                                                          
OMB          24420,43 0,30   1206     52  0,95   102   128   134   148                  3     2     1     0     0     0     0     0                                                       
                             2,53   0,11        0,21  0,27  0,28  0,31               0,24  0,32  0,48  0,36  0,34  0,40  0,10  0,28                                                       
                                     4,3           8    11    11    12                113   153   231   173   162   193    47   134                                                       
                                                                                                                                                                                          
C.BOR          158,63 0,01     48         0,04    48                                                                                    0                                                 
                             0,10               0,10                                                                                 0,10                                                 
                                                 100                                                                                   48                                                 
                                                                                                                                                                                          
Ĵ
UKUPNO      1491125,0027,87 127017   4399100,00 33250 33600 31996 31124                180   113    80    52    39    24    17    11     7     3     2     1     0    0    0    0          
                            266,88   9,24       69,86 70,60 67,23 65,40              12,24 20,17 27,99 30,26 34,40 30,67 29,76 25,61 21,74 12,93  8,50  6,69  2,33 2,05 0,94 0,58          
                                                                                      5821  9603 13327 14403 16372 14599 14158 12186 10346  6154  4044  3191  1111  974  448  274          
                                      3,5          26    26    25    25               0,84  0,62  0,46  0,39  0,33  0,29  0,25  0,22  0,20  0,19  0,19  0,17  0,15 0,13 0,13 0,11          

Hrvatske ume d.o.o. Zagreb                                                                                                                                                                                Stranica:      3
GJ:  Mali Kalnik - Orehovec  2011-2020                                                                                                                                                                     21.10.2011 11:11
                                                                                         D E N D R O M E T R I J S K A   L I S T A                                                                                         

Ureajni razred:  Raynodobna sjemenja;a bukve                       
Povrina:           134,22   ha
Povrina uzorka:     13,0000 ha
Ŀ
          pBr.stSred. Tem.Zaliha Prirast          ETAT   m3, m3/ha, %                   D i s t r i b u c i j a    b r o j a    s t a b a l a    N/ha,  m a s a  m3/ha   i   m a s a   m3                       
Vrsta     ods=>3prom.       m3     m3    OmjerĴ
  drvea  sĴ m3/ha  m3/ha smjese  I/1   I/2  II/1  II/2    1     2      3     4     5     6     7     8     9    10    11    12    13    14    15    16   17   18   19   20 
          t N/ha cm  m2/ha          %                                   2.5   7.5   12.5  17.5  22.5  27.5  32.5  37.5  42.5  47.5  52.5  57.5  62.5  67.5  72.5  77.5 82.5 87.5 92.5 97.5
Ĵ
LUNJAK        140,68 0,01     68      1  0,19                                                                                    0                                                       
                             0,51   0,01                                                                                       0,51                                                       
                                     1,9                                                                                         68                                                       
                                                                                                                                                                                          
KITNJAK      66335,08 4,93   7132    146 19,64  1769  1727  1686  1668                  3     6     7     4     3     3     5     4     3     0     0     0     0              0    0     
                            53,14   1,09       13,18 12,87 12,56 12,43               0,24  1,28  2,69  2,43  3,19  5,00  9,47  9,53  9,30  1,70  3,30  1,13  0,84           1,57 1,45     
                                     2,0          25    24    24    23                 32   172   361   326   428   671  1272  1279  1248   228   443   152   113            211  194     
                                                                                                                                                                                          
O.BUKVA     353925,6114,02  18321    544 50,45  4196  4302  4182  4264                 57    45    37    29    19    14    10     5     5     3     1     0     0              0          
                           136,50   4,05       31,26 32,05 31,16 31,77               3,89  7,89 12,58 16,36 16,35 17,76 16,80 10,70 13,48  9,72  4,22  2,46  3,12           1,16          
                                     2,9          23    23    23    23                523  1059  1689  2195  2194  2383  2255  1436  1809  1304   567   330   419            156          
                                                                                                                                                                                          
O.GRAB      120319,17 2,67   3401    132  9,36   720   737   721   732                 37    20    11     7     4     2     0     0     0                 0                               
                            25,34   0,98        5,36  5,49  5,37  5,45               2,37  3,41  4,06  4,29  4,26  3,13  1,33  0,79  1,00              0,70                               
                                     3,8          21    22    21    22                318   458   545   576   572   420   179   107   134                94                               
                                                                                                                                                                                          
BAGREM       98624,00 3,43   6719    315 18,50  2027  1962  1838  1744                 31    23    18    13     8     6     3     0     0     0     0           0    0                    
                            50,06   2,35       15,10 14,62 13,69 12,99               2,30  4,36  6,61  7,87  6,98  7,99  5,10  1,78  2,57  2,07  0,83        0,62 0,96                    
                                     4,6          30    29    27    26                309   586   887  1056   937  1072   685   238   345   278   112          84  129                    
                                                                                                                                                                                          
OTB          15820,21 0,39    498     19  1,37    46    54    59    67                  7     3     1     0     1     0     0                                                             
                             3,71   0,14        0,34  0,40  0,44  0,50               0,40  0,51  0,44  0,37  0,77  0,66  0,57                                                             
                                     3,7           9    11    12    13                 54    68    59    50   103    89    77                                                             
                                                                                                                                                                                          
OMB           5819,26 0,13    178      9  0,49                                          3     2     0     0     0     0                                                                   
                             1,33   0,07                                             0,21  0,38  0,26  0,10  0,10  0,29                                                                   
                                     5,2                                               28    51    35    14    13    38                                                                   
                                                                                                                                                                                          
Ĵ
UKUPNO       660825,3125,58  36317   1166100,00  8758  8782  8486  8475                139   101    77    55    36    28    20    10     9     4     2     0     0    0         0    0     
                            270,59   8,69       65,25 65,43 63,22 63,14               9,41 17,83 26,64 31,42 31,65 34,83 33,27 23,31 26,35 13,49  8,35  4,29  4,58 0,96      2,73 1,45     
                                                                                      1263  2393  3576  4216  4247  4673  4467  3128  3536  1810  1121   575   616  129       367  194     
                                      3,2          24    24    23    23               0,72  0,56  0,42  0,36  0,31  0,29  0,26  0,22  0,22  0,22  0,19  0,19  0,17 0,21      0,12 0,09     

Hrvatske ume d.o.o. Zagreb                                                                                                                                                                                Stranica:      4
GJ:  Mali Kalnik - Orehovec  2011-2020                                                                                                                                                                     21.10.2011 11:11
                                                                                         D E N D R O M E T R I J S K A   L I S T A                                                                                         

Ureajni razred:  Raynodobna sjemenja;a obi;nog graba               
Povrina:            79,05   ha
Povrina uzorka:     12,0000 ha
Ŀ
          pBr.stSred. Tem.Zaliha Prirast          ETAT   m3, m3/ha, %                   D i s t r i b u c i j a    b r o j a    s t a b a l a    N/ha,  m a s a  m3/ha   i   m a s a   m3                       
Vrsta     ods=>3prom.       m3     m3    OmjerĴ
  drvea  sĴ m3/ha  m3/ha smjese  I/1   I/2  II/1  II/2    1     2      3     4     5     6     7     8     9    10    11    12    13    14    15    16   17   18   19   20 
          t N/ha cm  m2/ha          %                                   2.5   7.5   12.5  17.5  22.5  27.5  32.5  37.5  42.5  47.5  52.5  57.5  62.5  67.5  72.5  77.5 82.5 87.5 92.5 97.5
Ĵ
LUNJAK       5143,44 0,63    919     17  5,25   257   236   214   195                  0     0     0     0     0     0     0     0     0     0     0           0                         
                            11,63   0,22        3,25  2,99  2,71  2,47               0,04  0,13  0,21  0,18  0,64  0,37  0,45  2,02  2,21  0,99  2,87        1,51                         
                                     1,8          28    26    23    21                  3    10    17    14    51    29    36   160   175    78   227         119                         
                                                                                                                                                                                          
KITNJAK      13437,75 1,25   1367     30  7,80   298   305   286   284                  0     1     2     1     1     2     1     0     0     0     0     0                               
                            17,29   0,38        3,77  3,86  3,62  3,59               0,07  0,19  0,91  0,76  1,04  3,39  2,67  2,03  2,70  0,78  1,54  1,23                               
                                     2,2          22    22    21    21                  5    15    72    60    82   268   211   161   214    62   121    97                               
                                                                                                                                                                                          
CER          12823,94 0,48    770     21  4,39   141   142   144   152                  1     1     1     0     1     0     1     0     0     0                                           
                             9,74   0,27        1,78  1,80  1,82  1,92               0,14  0,30  0,60  0,44  1,08  1,10  2,33  1,00  1,24  1,51                                           
                                     2,7          18    18    19    20                 11    24    47    35    85    87   184    79    98   120                                           
                                                                                                                                                                                          
O.BUKVA       9633,62 0,71    512     14  2,92    75    92    69    51                  2     0     0     1     1     0     0     0           0     0                                     
                             6,48   0,18        0,95  1,16  0,87  0,65               0,16  0,16  0,15  0,94  1,05  0,33  0,41  1,55        0,78  0,94                                     
                                     2,7          15    18    13    10                 13    13    12    74    83    26    32   123          62    75                                     
                                                                                                                                                                                          
O.GRAB      346221,5410,51   8291    331 47,32  2033  2060  2036  1993                102    83    67    35    16     5     5     2     0                 0                               
                           104,88   4,19       25,72 26,06 25,76 25,21               6,65 14,86 23,84 21,17 14,51  6,94  8,67  4,59  2,45              1,20                               
                                     4,0          25    25    25    24                526  1174  1885  1674  1147   549   686   363   194                95                               
                                                                                                                                                                                          
BAGREM      111123,54 4,03   3323    160 18,97   950   956   985  1027                 26    16    19    11     7     4     3     2     0                                                 
                            42,04   2,02       12,02 12,09 12,46 12,99               1,96  3,07  6,99  6,92  6,35  5,32  5,17  4,91  1,36                                                 
                                     4,8          29    29    30    31                155   243   553   547   502   420   409   388   108                                                 
                                                                                                                                                                                          
OTB          85520,27 2,30    981     34  5,60   180   168   182   188                 18    13     5     6     1     0     0     0                             0                         
                            12,41   0,43        2,28  2,13  2,30  2,38               0,98  1,90  1,55  2,96  1,26  0,50  1,08  0,38                          1,79                         
                                     3,4          18    17    19    19                 77   150   123   234   100    40    85    30                           141                         
                                                                                                                                                                                          
OMB          32622,60 1,09    985     39  5,62   249   241   209   211                 12    10     4     1     3     2     1     0     0           0                                     
                            12,46   0,49        3,15  3,05  2,64  2,67               0,81  1,70  1,36  0,69  2,30  2,04  1,34  0,64  0,79        0,78                                     
                                     3,9          25    24    21    21                 64   135   108    54   181   162   106    50    63          62                                     
                                                                                                                                                                                          
C.BOR         2742,55 0,32    372     12  2,13   166   149   186                                          0     0           1     0     0                                                 
                             4,71   0,15        2,10  1,88  2,35                                       0,20  0,29        2,08  1,32  0,82                                                 
                                     3,1          45    40    50                                         15    23         164   104    65                                                 
                                                                                                                                                                                          
Ĵ
UKUPNO       619022,9421,32  17520    658100,00  4349  4349  4311  4101                165   128   102    59    33    16    15     8     4     1     1     0     0                         
                            221,64   8,33       55,02 55,02 54,54 51,88              10,81 22,31 35,61 34,26 28,52 19,99 24,20 18,44 11,57  4,06  6,13  2,43  3,30                         
                                                                                       853  1764  2815  2707  2253  1580  1913  1457   915   321   484   192   260                         
                                      3,8          25    25    25    23               0,77  0,60  0,44  0,37  0,33  0,30  0,28  0,26  0,22  0,18  0,17  0,16  0,14                         

Hrvatske ume d.o.o. Zagreb                                                                                                                                                                                Stranica:      5
GJ:  Mali Kalnik - Orehovec  2011-2020                                                                                                                                                                     21.10.2011 11:11
                                                                                         D E N D R O M E T R I J S K A   L I S T A                                                                                         

Ureajni razred:  Raynodobna sjemenja;a bagrema                     
Povrina:            97,52   ha
Povrina uzorka:     12,0000 ha
Ŀ
          pBr.stSred. Tem.Zaliha Prirast          ETAT   m3, m3/ha, %                   D i s t r i b u c i j a    b r o j a    s t a b a l a    N/ha,  m a s a  m3/ha   i   m a s a   m3                       
Vrsta     ods=>3prom.       m3     m3    OmjerĴ
  drvea  sĴ m3/ha  m3/ha smjese  I/1   I/2  II/1  II/2    1     2      3     4     5     6     7     8     9    10    11    12    13    14    15    16   17   18   19   20 
          t N/ha cm  m2/ha          %                                   2.5   7.5   12.5  17.5  22.5  27.5  32.5  37.5  42.5  47.5  52.5  57.5  62.5  67.5  72.5  77.5 82.5 87.5 92.5 97.5
Ĵ
LUNJAK       1344,70 0,17    476      8  2,35   112   116    95   134                        0                 0     0     0     0     0     0           0                               
                             4,88   0,08        1,15  1,19  0,97  1,37                     0,06              0,16  0,61  0,29  0,38  0,85  1,04        1,49                               
                                     1,6          24    24    20    28                        6                15    59    29    37    83   102         146                               
                                                                                                                                                                                          
KITNJAK      20131,68 1,32   1964     46  9,68   386   416   384   501                  0     2     1     4     2     1     1     1     1     0           0                               
                            20,14   0,47        3,96  4,27  3,94  5,14               0,07  0,45  0,51  2,57  2,46  2,31  2,64  3,23  3,03  2,03        0,83                               
                                     2,3          20    21    20    26                  7    44    50   251   240   225   258   315   296   198          81                               
                                                                                                                                                                                          
O.BUKVA      25126,11 1,12   1184     39  5,83   199   214   215   228                  6     4     3     2     1     1     0     0     0     0     0                                     
                            12,14   0,40        2,04  2,19  2,20  2,34               0,41  0,76  1,31  1,61  1,36  1,58  1,11  0,94  1,16  1,30  0,63                                     
                                     3,2          17    18    18    19                 40    74   127   157   133   154   108    91   113   126    61                                     
                                                                                                                                                                                          
O.GRAB      178219,73 4,54   4809    201 23,70  1200  1188  1166  1115                 79    46    25    15     8     3     1     1           0                                           
                            49,31   2,06       12,31 12,18 11,96 11,43               5,17  8,19  8,95  9,35  7,50  4,59  2,03  2,53        0,99                                           
                                     4,1          25    25    24    23                504   799   873   912   731   447   198   246          97                                           
                                                                                                                                                                                          
BAGREM      550920,0514,49  11002    594 54,22  3363  3221  3289  3331                137    94    65    31    18     8     3     1     1     0     0                                     
                           112,82   6,09       34,49 33,03 33,73 34,16              10,03 17,46 23,13 18,39 15,79  9,94  6,22  3,41  4,15  2,79  1,52                                     
                                     5,4          31    29    30    30                978  1703  2256  1794  1540   970   607   333   405   272   148                                     
                                                                                                                                                                                          
OTB          35420,36 0,96    776     26  3,83   115   130   124   123                 15     7     2     1     0     1     1     0     0                                                 
                             7,96   0,27        1,18  1,33  1,27  1,26               0,83  1,03  0,59  0,67  0,31  1,82  1,58  0,28  0,84                                                 
                                     3,3          15    17    16    16                 81   101    57    65    30   178   154    27    82                                                 
                                                                                                                                                                                          
OMB           6318,43 0,14     82      4  0,40     8     7     7     8                  2     1     1     0                                                                               
                             0,84   0,04        0,08  0,07  0,07  0,08               0,16  0,25  0,35  0,08                                                                               
                                     4,7          10     9     9    10                 15    24    34     8                                                                               
                                                                                                                                                                                          
Ĵ
UKUPNO       817320,6222,74  20293    918100,00  5383  5292  5280  5440                242   157    99    56    31    17     8     4     3     2     0     0                               
                            208,09   9,41       55,20 54,27 54,14 55,78              16,67 28,20 34,84 32,67 27,58 20,85 13,87 10,77 10,03  8,15  2,15  2,32                               
                                                                                      1625  2750  3397  3185  2689  2033  1353  1048   978   795   208   227                               
                                      4,5          27    26    26    27               0,91  0,65  0,50  0,41  0,37  0,32  0,29  0,25  0,24  0,22  0,26  0,14                               

Hrvatske ume d.o.o. Zagreb                                                                                                                                                                                Stranica:      6
GJ:  Mali Kalnik - Orehovec  2011-2020                                                                                                                                                                     21.10.2011 11:11
                                                                                         D E N D R O M E T R I J S K A   L I S T A                                                                                         

Ureajni razred:  raynodobna sjemanja;a kitnjaka posebne namjene    
Povrina:           177,29   ha
Povrina uzorka:     11,0000 ha
Ŀ
          pBr.stSred. Tem.Zaliha Prirast          ETAT   m3, m3/ha, %                   D i s t r i b u c i j a    b r o j a    s t a b a l a    N/ha,  m a s a  m3/ha   i   m a s a   m3                       
Vrsta     ods=>3prom.       m3     m3    OmjerĴ
  drvea  sĴ m3/ha  m3/ha smjese  I/1   I/2  II/1  II/2    1     2      3     4     5     6     7     8     9    10    11    12    13    14    15    16   17   18   19   20 
          t N/ha cm  m2/ha          %                                   2.5   7.5   12.5  17.5  22.5  27.5  32.5  37.5  42.5  47.5  52.5  57.5  62.5  67.5  72.5  77.5 82.5 87.5 92.5 97.5
Ĵ
KITNJAK     222725,9010,67  24062    566 60,07  4457  4619  5012  5254                 31    36    44    33    26    18    13     6     1     0     0                                     
                           135,72   3,19       25,14 26,05 28,27 29,64               2,38  6,84 15,97 19,74 23,71 23,43 21,66 13,86  4,43  3,29  0,39                                     
                                     2,3          19    19    21    22                423  1213  2832  3500  4204  4155  3841  2457   786   583    69                                     
                                                                                                                                                                                          
O.BUKVA     183219,35 4,90   9224    332 23,03  1976  1995  1957  1986                 82    54    34    16     7     2     1     0     0     0           0                    0          
                            52,03   1,87       11,15 11,25 11,04 11,20               5,95  9,80 11,83  9,48  6,28  3,26  2,11  0,51  0,96  0,30        0,56                 0,99          
                                     3,5          21    22    21    22               1055  1737  2098  1680  1113   578   374    91   171    53          99                  175          
                                                                                                                                                                                          
O.GRAB      219016,77 4,40   4699    223 11,73   920   916   907   916                111    49    23     6     1     0     0                                                             
                            26,50   1,26        5,19  5,17  5,12  5,17               6,90  7,94  7,15  3,01  1,01  0,13  0,36                                                             
                                     4,7          20    19    19    19               1224  1407  1268   533   179    24    63                                                             
                                                                                                                                                                                          
BAGREM       57114,94 0,91    827     50  2,06   126   151   144   150                 16     5     3     1     0     0     0                                                             
                             4,66   0,28        0,71  0,85  0,81  0,85               1,16  0,98  1,16  0,90  0,14  0,14  0,19                                                             
                                     6,0          15    18    17    18                206   173   206   159    25    25    34                                                             
                                                                                                                                                                                          
OTB          62416,75 1,25   1153     48  2,88   117   190   188   186                 19     8     4     0     0     0     0     0     0                                                 
                             6,50   0,27        0,66  1,07  1,06  1,05               1,03  1,26  1,26  0,40  0,47  0,47  0,51  0,44  0,65                                                 
                                     4,1          10    16    16    16                183   223   224    71    83    84    91    78   116                                                 
                                                                                                                                                                                          
OMB           2018,71 0,05     77      5  0,19          36    27    21                  1     0     0     0     0                                                                         
                             0,43   0,03              0,20  0,15  0,12               0,12  0,10  0,05  0,08  0,09                                                                         
                                     6,9                47    35    27                 21    18     9    14    15                                                                         
                                                                                                                                                                                          
C.BOR          226,46 0,01     15      2  0,04                                                            0                                                                               
                             0,08   0,01                                                               0,08                                                                               
                                    12,5                                                                 15                                                                               
                                                                                                                                                                                          
Ĵ
UKUPNO       746620,4022,19  40057   1226100,00  7596  7907  8235  8513                263   155   110    59    36    22    15     6     2     1     0     0                    0          
                            225,92   6,91       42,85 44,60 46,45 48,02              17,54 26,92 37,42 33,69 31,70 27,43 24,83 14,81  6,04  3,59  0,39  0,56                 0,99          
                                                                                      3110  4770  6635  5973  5619  4865  4402  2625  1072   636    68    99                  175          
                                      3,1          19    20    21    21               0,60  0,48  0,35  0,28  0,23  0,20  0,18  0,16  0,16  0,14  0,13  0,19                 0,12          

Hrvatske ume d.o.o. Zagreb                                                                                                                                                                                Stranica:      7
GJ:  Mali Kalnik - Orehovec  2011-2020                                                                                                                                                                     21.10.2011 11:11
                                                                                         D E N D R O M E T R I J S K A   L I S T A                                                                                         

Ureajni razred:  raynodobna sjemenja;a bukve posebne namjene       
Povrina:            78,14   ha
Povrina uzorka:      8,0000 ha
Ŀ
          pBr.stSred. Tem.Zaliha Prirast          ETAT   m3, m3/ha, %                   D i s t r i b u c i j a    b r o j a    s t a b a l a    N/ha,  m a s a  m3/ha   i   m a s a   m3                       
Vrsta     ods=>3prom.       m3     m3    OmjerĴ
  drvea  sĴ m3/ha  m3/ha smjese  I/1   I/2  II/1  II/2    1     2      3     4     5     6     7     8     9    10    11    12    13    14    15    16   17   18   19   20 
          t N/ha cm  m2/ha          %                                   2.5   7.5   12.5  17.5  22.5  27.5  32.5  37.5  42.5  47.5  52.5  57.5  62.5  67.5  72.5  77.5 82.5 87.5 92.5 97.5
Ĵ
KITNJAK      37428,30 2,94   3371     79 21,43   663   697   686   724                  7    10    16    14     7     5     1     2     1     0                                           
                            43,14   1,01        8,48  8,92  8,78  9,27               0,53  1,90  5,91  8,59  6,56  7,05  2,91  5,62  3,34  0,73                                           
                                     2,3          20    21    20    21                 42   149   461   671   512   551   228   439   261    57                                           
                                                                                                                                                                                          
CER           3440,22 0,54     68      1  0,43     6    11    12    14                                                0     0                                                             
                             0,87   0,01        0,08  0,14  0,15  0,18                                             0,37  0,50                                                             
                                     1,1           9    16    18    21                                               29    39                                                             
                                                                                                                                                                                          
O.BUKVA     326621,3314,59   9224    305 58,64  2000  1868  2004  2110                126    96    59    40    19     9     5     0     1     1     0           0                         
                           118,04   3,90       25,60 23,91 25,65 27,00               9,12 17,40 20,49 22,89 16,17 10,91  7,90  1,62  3,75  3,95  2,59        1,22                         
                                     3,3          22    20    22    23                713  1360  1601  1789  1264   853   617   127   293   309   202          95                         
                                                                                                                                                                                          
O.GRAB      117817,12 3,39   1916     85 12,18   377   349   377   401                 70    41    21     7     2     0     0                                                             
                            24,52   1,09        4,82  4,47  4,82  5,13               4,38  6,61  6,60  3,82  2,11  0,58  0,44                                                             
                                     4,4          20    18    20    21                342   517   516   299   165    45    35                                                             
                                                                                                                                                                                          
BAGREM        5628,61 0,45    492     17  3,13   116   144   123   106                  2     1     2     1     0     0     0     0     0                       0                         
                             6,30   0,22        1,48  1,84  1,57  1,36               0,19  0,29  0,72  0,58  0,61  0,43  0,90  0,73  0,92                    0,93                         
                                     3,4          24    29    25    22                 15    23    56    45    48    33    70    57    72                      73                         
                                                                                                                                                                                          
OTB          17620,41 0,72    398     15  2,53    32    38    40    43                  9     6     3     2     0           0     0     0                                                 
                             5,09   0,19        0,41  0,49  0,51  0,55               0,49  0,86  0,90  1,01  0,66        0,31  0,38  0,48                                                 
                                     3,7           8    10    10    11                 38    67    70    79    52          24    30    37                                                 
                                                                                                                                                                                          
OMB           8720,53 0,36    260     13  1,65    38    43    45    47                  3     5     2     1     0     0                                                                   
                             3,33   0,17        0,49  0,55  0,58  0,60               0,22  0,92  0,85  0,56  0,41  0,36                                                                   
                                     5,1          15    17    17    18                 17    72    67    44    32    28                                                                   
                                                                                                                                                                                          
Ĵ
UKUPNO       517121,2822,99  15729    515100,00  3232  3150  3287  3445                219   162   106    67    31    16     8     4     3     1     0           0                         
                            201,29   6,59       41,36 40,31 42,07 44,09              14,93 27,98 35,47 37,45 26,52 19,70 12,96  8,35  8,49  4,68  2,59        2,15                         
                                                                                      1166  2187  2771  2926  2072  1538  1012   653   663   366   202         168                         
                                      3,3          21    20    21    22               0,57  0,49  0,36  0,30  0,26  0,23  0,22  0,18  0,19  0,19  0,19        0,18                         

Hrvatske ume d.o.o. Zagreb                                                                                                                                                                                Stranica:      8
GJ:  Mali Kalnik - Orehovec  2011-2020                                                                                                                                                                     21.10.2011 11:11
                                                                                         D E N D R O M E T R I J S K A   L I S T A                                                                                         

Ureajni razred:  raynodobna sjemenja;a bagrema posebne namjene     
Povrina:             9,46   ha
Povrina uzorka:      1,0000 ha
Ŀ
          pBr.stSred. Tem.Zaliha Prirast          ETAT   m3, m3/ha, %                   D i s t r i b u c i j a    b r o j a    s t a b a l a    N/ha,  m a s a  m3/ha   i   m a s a   m3                       
Vrsta     ods=>3prom.       m3     m3    OmjerĴ
  drvea  sĴ m3/ha  m3/ha smjese  I/1   I/2  II/1  II/2    1     2      3     4     5     6     7     8     9    10    11    12    13    14    15    16   17   18   19   20 
          t N/ha cm  m2/ha          %                                   2.5   7.5   12.5  17.5  22.5  27.5  32.5  37.5  42.5  47.5  52.5  57.5  62.5  67.5  72.5  77.5 82.5 87.5 92.5 97.5
Ĵ
KITNJAK      10020,68 3,36    293      9 31,78    37    35    36    38                 38    29     8    13     8     4                                                                   
                            30,97   0,95        3,91  3,70  3,81  4,02               2,85  5,48  2,89  7,70  7,09  4,96                                                                   
                                     3,0          13    12    12    13                 27    52    27    73    67    47                                                                   
                                                                                                                                                                                          
BAGREM       44115,59 8,42    567     36 61,50   104    91    91    85                296   104    29     4     4           4                                                             
                            59,94   3,81       10,99  9,62  9,62  8,99              20,72 18,20  9,63  2,17  3,23        6,02                                                             
                                     6,3          18    16    16    15                196   172    91    21    31          57                                                             
                                                                                                                                                                                          
OTB           7914,36 1,28     62      4  6,72     9     9    10    10                 58    17     4                                                                                     
                             6,55   0,42        0,95  0,95  1,06  1,06               3,07  2,40  1,11                                                                                     
                                     6,4          15    15    16    16                 29    23    11                                                                                     
                                                                                                                                                                                          
Ĵ
UKUPNO        62016,3813,06    922     49100,00   150   135   137   133                392   150    41    17    12     4     4                                                             
                             97,46   5,18       15,86 14,27 14,48 14,06              26,64 26,08 13,63  9,87 10,32  4,96  6,02                                                             
                                                                                       252   246   128    93    97    46    56                                                             
                                      5,3          16    15    15    14               0,84  0,56  0,43  0,29  0,27  0,19  0,32                                                             

Hrvatske ume d.o.o. Zagreb                                                                                                                                                                                Stranica:      9
GJ:  Mali Kalnik - Orehovec  2011-2020                                                                                                                                                                     21.10.2011 11:11
                                                                                         D E N D R O M E T R I J S K A   L I S T A                                                                                         

Ureajni razred:  raynodobna panja;a bukve posebne namjene          
Povrina:            39,82   ha
Povrina uzorka:      3,0000 ha
Ŀ
          pBr.stSred. Tem.Zaliha Prirast          ETAT   m3, m3/ha, %                   D i s t r i b u c i j a    b r o j a    s t a b a l a    N/ha,  m a s a  m3/ha   i   m a s a   m3                       
Vrsta     ods=>3prom.       m3     m3    OmjerĴ
  drvea  sĴ m3/ha  m3/ha smjese  I/1   I/2  II/1  II/2    1     2      3     4     5     6     7     8     9    10    11    12    13    14    15    16   17   18   19   20 
          t N/ha cm  m2/ha          %                                   2.5   7.5   12.5  17.5  22.5  27.5  32.5  37.5  42.5  47.5  52.5  57.5  62.5  67.5  72.5  77.5 82.5 87.5 92.5 97.5
Ĵ
KITNJAK       8231,65 2,15    976     21 16,71    50   120   199   199                  1     3     3     3     6     6     2     0                                                       
                            24,51   0,53        1,26  3,01  5,00  5,00               0,10  0,72  1,15  2,03  6,05  8,45  4,20  1,81                                                       
                                     2,1           5    12    20    20                  4    29    46    81   241   336   167    72                                                       
                                                                                                                                                                                          
O.BUKVA      82319,32 8,04   2950    110 50,49   592   571   662   643                110    77    61    29    10     3     0                                                             
                            74,08   2,76       14,87 14,34 16,62 16,15               7,94 13,96 21,08 16,62  8,70  4,46  1,32                                                             
                                     3,7          20    19    22    22                316   556   840   662   346   178    52                                                             
                                                                                                                                                                                          
O.GRAB       47015,77 3,06    922     44 15,78   190   173   182   179                115    47     9     2     1     2     0                                                             
                            23,15   1,10        4,77  4,34  4,57  4,50               7,14  7,55  2,82  1,05  0,94  2,46  1,18                                                             
                                     4,7          21    19    20    19                284   301   112    42    38    98    47                                                             
                                                                                                                                                                                          
OTB          18520,17 1,97    666     25 11,40   160   148   136   130                 29    15    10     7     1     1     0                       0                                     
                            16,73   0,63        4,02  3,72  3,42  3,26               1,56  2,19  3,01  3,33  0,88  1,91  1,12                    2,71                                     
                                     3,7          24    22    20    20                 62    87   120   132    35    76    45                     108                                     
                                                                                                                                                                                          
OMB           7119,13 0,68    237     12  4,06    45    43    44    70                 10     6     8     2     0                                                                         
                             5,95   0,30        1,13  1,08  1,10  1,76               0,68  1,10  2,42  1,19  0,58                                                                         
                                     5,0          19    18    19    30                 27    44    96    47    23                                                                         
                                                                                                                                                                                          
SMREKA        8615,49 0,54     91      9  1,56                                         11     5     2                                                                                     
                             2,29   0,23                                             0,76  0,86  0,66                                                                                     
                                    10,0                                               30    34    26                                                                                     
                                                                                                                                                                                          
Ĵ
UKUPNO       171719,1216,44   5842    221100,00  1037  1055  1223  1221                277   156    95    44    20    14     5     0                 0                                     
                            146,71   5,55       26,04 26,49 30,71 30,66              18,18 26,38 31,14 24,22 17,15 17,28  7,82  1,81              2,71                                     
                                                                                       723  1050  1239   964   683   688   311    71               107                                     
                                      3,8          18    18    21    21               0,62  0,51  0,38  0,31  0,26  0,22  0,20  0,16              0,18                                     

