"Hrvatske ume", d.o.o.                                                                                                                                                                                    Stranica:      1
GJ:  Mali Kalnik - Orehovec  2011-2020                                                                                                                                                                     23.06.2011 12:10
                                                                                         D E N D R O M E T R I J S K A   L I S T A                                                                                         



Povrina:          1124,95   ha
Povrina uzorka:     95,0000 ha
Ŀ
          pBr.stSred. Tem.Zaliha Prirast          ETAT   m3, m3/ha, %                   D i s t r i b u c i j a    b r o j a    s t a b a l a    N/ha,  m a s a  m3/ha   i   m a s a   m3                       
Vrsta     ods=>3prom.       m3     m3    OmjerĴ
  drvea  sĴ m3/ha  m3/ha smjese  I/1   I/2  II/1  II/2    1     2      3     4     5     6     7     8     9    10    11    12    13    14    15    16   17   18   19   20 
          t N/ha cm  m2/ha          %                                   2.5   7.5   12.5  17.5  22.5  27.5  32.5  37.5  42.5  47.5  52.5  57.5  62.5  67.5  72.5  77.5 82.5 87.5 92.5 97.5
Ĵ
LUNJAK        246,90 0,50   5190    101  1,90  1302  1219  1074  1093                  0     0     0     0     0     0     0     0     0     0     0     0     0              0          
                             4,61   0,09        1,16  1,08  0,95  0,97                     0,01  0,05  0,09  0,19  0,35  0,43  0,83  0,70  0,63  0,73  0,23  0,20           0,18          
                                     1,9          25    23    21    21                  3    16    59    97   212   389   484   928   789   711   818   257   226            201          
                                                                                                                                                                                          
KITNJAK       7732,63 5,48  85305   1856 31,22 18574 18697 18541 18789                  8     9    11    10    10     8     6     4     2     1     0     0     0    0    0    0    0     
                            75,83   1,65       16,51 16,62 16,48 16,70               0,62  1,86  4,34  6,29  9,27 10,83 11,87 10,40  8,33  4,89  2,62  2,15  0,61 0,87 0,28 0,43 0,17     
                                     2,1          22    22    22    22                698  2095  4879  7079 10425 12185 13352 11697  9372  5503  2949  2421   684  974  313  485  194     
                                                                                                                                                                                          
CER            229,90 0,17   2050     56  0,75   358   378   371   373                  0     0     0     0     0     0     0     0     0     0           0                               
                             1,82   0,05        0,32  0,34  0,33  0,33               0,01  0,03  0,09  0,17  0,24  0,24  0,41  0,20  0,14  0,11        0,17                               
                                     2,7          17    18    18    18                 13    33   107   187   273   268   464   230   160   120         197                               
                                                                                                                                                                                          
O.BUKVA      12323,27 5,09  59443   1879 21,76 13035 13088 12883 12983                 40    28    20    13     7     4     2     1     1     0     0     0     0         0    0          
                            52,84   1,67       11,59 11,63 11,45 11,54               2,86  5,09  7,01  7,32  6,41  5,64  4,69  3,54  3,87  2,66  1,42  1,07  0,84      0,12 0,29          
                                     3,1          22    22    22    22               3215  5725  7884  8238  7211  6348  5273  3985  4356  2992  1598  1202   949       135  332          
                                                                                                                                                                                          
O.GRAB       17719,67 5,30  50565   2104 18,51 11946 11478 11433 11248                 78    45    27    13     6     2     1     0     0     0           0                               
                            44,95   1,87       10,62 10,20 10,16 10,00               5,00  7,79  9,45  7,74  6,02  3,72  2,40  1,52  0,87  0,09        0,35                               
                                     4,1          24    23    23    22               5626  8763 10636  8710  6767  4186  2701  1706   983    97         390                               
                                                                                                                                                                                          
BAGREM       14621,17 5,39  58448   2970 21,39 16744 17331 16608 16093                 54    34    24    14     8     4     2     1     0     0     0     0     0    0                    
                            51,96   2,64       14,88 15,41 14,76 14,31               3,94  6,25  8,43  8,62  7,77  5,69  4,49  2,53  1,96  1,00  0,93  0,12  0,14 0,11                    
                                     5,0          29    30    28    28               4431  7026  9481  9693  8739  6403  5046  2848  2200  1120  1041   139   157  129                    
                                                                                                                                                                                          
OTB           3019,89 1,07   7997    292  2,93   948  1109  1128  1146                 14     7     3     1     1     0     0     0     0     0     0           0                         
                             7,11   0,26        0,84  0,99  1,00  1,02               0,74  1,02  1,04  0,91  0,73  0,70  0,87  0,57  0,21  0,09  0,10        0,13                         
                                     3,6          12    14    14    14                838  1151  1173  1024   816   786   974   644   236   105   108         141                         
                                                                                                                                                                                          
OMB           1221,28 0,53   3685    157  1,35   608   654   741   725                  4     3     2     0     0     0     0     0     0           0                                     
                             3,28   0,14        0,54  0,58  0,66  0,64               0,29  0,52  0,64  0,42  0,46  0,47  0,20  0,16  0,06        0,05                                     
                                     4,2          16    18    20    20                326   586   717   473   520   528   227   184    63          62                                     
                                                                                                                                                                                          
SMREKA         116,77 0,02     91     11  0,03                                          0     0     0                                                                                     
                             0,08   0,01                                             0,03  0,03  0,02                                                                                     
                                    12,5                                               30    34    26                                                                                     
                                                                                                                                                                                          
C.BOR           40,16 0,04    435     11  0,16   214   149   186                                          0     0           0     0     0                                                 
                             0,39   0,01        0,19  0,13  0,17                                       0,03  0,02        0,15  0,09  0,10                                                 
                                     2,5          49    34    43                                         30    23         164   104   113                                                 
                                                                                                                                                                                          
Ĵ
UKUPNO        57022,9823,59 273209   9437100,00 63729 64103 62965 62450                200   128    90    55    35    22    15     9     5     2     1     0     0    0    0    0    0     
                            242,87   8,39       56,65 56,98 55,97 55,51              13,49 22,60 31,07 31,59 31,11 27,64 25,51 19,84 16,24  9,47  5,85  4,09  1,92 0,98 0,40 0,90 0,17     
                                                                                     15179 25429 34962 35532 34985 31093 28685 22325 18270 10647  6576  4605  2157 1103  448 1017  194     
                                      3,5          23    23    23    23               0,75  0,57  0,42  0,36  0,31  0,27  0,24  0,22  0,21  0,19  0,19  0,17  0,16 0,14 0,13 0,11 0,09     

Odsjeci: SVI ODSJECI                                                                                                                                                                                                       
                                                                                                                                                                                                                           
                                                                                                                                                                                                                           
                                                                                                                                                                                                                           
                                                                                                                                                                                                                           
