"Hrvatske ume", d.o.o.                                                                                                                                                                                    Stranica:      1
GJ:  Mali Kalnik - Orehovec  2011-2020                                                                                                                                                                     04.06.2011 21:01
                                                                                         D E N D R O M E T R I J S K A   L I S T A                                                                                         

Ureajni razred:  Raynodobna sjemenja;a lu\njaka                    
Povrina:            57,86   ha
Povrina uzorka:      9,0000 ha
Ŀ
          pBr.stSred. Tem.Zaliha Prirast          ETAT   m3, m3/ha, %                   D i s t r i b u c i j a    b r o j a    s t a b a l a    N/ha,  m a s a  m3/ha   i   m a s a   m3                       
Vrsta     ods=>3prom.       m3     m3    OmjerĴ
  drvea  sĴ m3/ha  m3/ha smjese  I/1   I/2  II/1  II/2    1     2      3     4     5     6     7     8     9    10    11    12    13    14    15    16   17   18   19   20 
          t N/ha cm  m2/ha          %                                   2.5   7.5   12.5  17.5  22.5  27.5  32.5  37.5  42.5  47.5  52.5  57.5  62.5  67.5  72.5  77.5 82.5 87.5 92.5 97.5
Ĵ
LUNJAK      20848,45 4,26   3263     51 22,74                                          0     0     0     1     1     2     3     3     3     2     2     0     0              0          
                            56,39   0,88                                             0,03  0,17  0,15  0,67  1,10  2,82  5,89  9,32 11,31  7,74  9,76  1,93  2,06           3,48          
                                     1,5                                                2    10     8    39    64   163   341   540   654   448   565   112   119            201          
                                                                                                                                                                                          
KITNJAK       8640,32 1,22    944     11  6,58                                          0     0     0     1     0     1     1     1     0     0           0                               
                            16,32   0,19                                             0,03  0,12  0,14  1,11  0,90  2,04  1,77  3,14  2,75  2,44        1,89                               
                                     1,1                                                2     7     8    64    52   118   102   182   159   141         109                               
                                                                                                                                                                                          
CER           1938,83 0,25    266      6  1,85                                                            0     0     0     0     0     0                                                 
                             4,60   0,10                                                               0,22  0,68  1,11  0,67  0,85  1,07                                                 
                                     2,1                                                                 13    40    64    39    49    62                                                 
                                                                                                                                                                                          
O.BUKVA      16328,80 1,18    712     15  4,96                                          5     2     0     2     2     1           1     0                 0                               
                            12,31   0,26                                             0,35  0,36  0,33  1,67  2,00  1,56        3,34  0,97              1,72                               
                                     2,1                                               20    21    19    96   116    90         193    56               100                               
                                                                                                                                                                                          
O.GRAB      271020,23 9,68   5971    124 41,61                                        127    93    71    33    14     5     4     1     0                                                 
                           103,20   2,14                                             8,27 16,49 25,26 20,03 13,35  7,43  7,27  4,03  1,04                                                 
                                     2,0                                              478   954  1462  1159   773   430   421   233    60                                                 
                                                                                                                                                                                          
BAGREM       71323,95 3,57   2203     88 15,35                                         19    17    15    10     3     5     2     2     0                                                 
                            38,07   1,52                                             1,43  3,15  5,29  6,31  3,13  6,46  4,69  5,40  2,21                                                 
                                     3,9                                               83   182   306   365   181   374   271   312   128                                                 
                                                                                                                                                                                          
OTB          11722,78 0,53    208      4  1,45                                          2     3     2     0     0           0     0                                                       
                             3,59   0,07                                             0,13  0,54  0,82  0,34  0,26        0,86  0,65                                                       
                                     1,9                                                7    31    47    20    15          50    38                                                       
                                                                                                                                                                                          
OMB          55322,49 2,44    784     24  5,46                                         11     9     8     4     2     2     1                       0                                     
                            13,55   0,41                                             0,72  1,55  2,37  1,93  1,98  2,20  1,74                    1,07                                     
                                     3,0                                               42    90   137   111   115   127   101                      62                                     
                                                                                                                                                                                          
Ĵ
UKUPNO       456924,0923,13  14351    323100,00                                        166   127    99    55    26    19    13    12     6     2     2     1     0              0          
                            248,03   5,57                                            10,96 22,38 34,36 32,28 23,40 23,62 22,89 26,73 19,35 10,18 10,83  5,54  2,06           3,48          
                                                                                       633  1295  1987  1867  1355  1366  1323  1547  1119   588   626   320   119            201          
                                      2,2                                             0,34  0,30  0,26  0,24  0,21  0,23  0,20  0,19  0,16  0,13  0,14  0,13  0,12           0,12          

"Hrvatske ume", d.o.o.                                                                                                                                                                                    Stranica:      2
GJ:  Mali Kalnik - Orehovec  2011-2020                                                                                                                                                                     04.06.2011 21:01
                                                                                         D E N D R O M E T R I J S K A   L I S T A                                                                                         

Ureajni razred:  Raynodobna sjemenja;a hrasta kitnjaka             
Povrina:           475,92   ha
Povrina uzorka:     28,0000 ha
Ŀ
          pBr.stSred. Tem.Zaliha Prirast          ETAT   m3, m3/ha, %                   D i s t r i b u c i j a    b r o j a    s t a b a l a    N/ha,  m a s a  m3/ha   i   m a s a   m3                       
Vrsta     ods=>3prom.       m3     m3    OmjerĴ
  drvea  sĴ m3/ha  m3/ha smjese  I/1   I/2  II/1  II/2    1     2      3     4     5     6     7     8     9    10    11    12    13    14    15    16   17   18   19   20 
          t N/ha cm  m2/ha          %                                   2.5   7.5   12.5  17.5  22.5  27.5  32.5  37.5  42.5  47.5  52.5  57.5  62.5  67.5  72.5  77.5 82.5 87.5 92.5 97.5
Ĵ
LUNJAK       4344,61 0,24   1293     19  1,01                                                      0     0     0     0     0     0     0     0     0           0                         
                             2,72   0,04                                                         0,09  0,12  0,17  0,29  0,24  0,60  0,11  0,34  0,53        0,22                         
                                     1,4                                                           42    58    83   137   115   284    52   162   254         106                         
                                                                                                                                                                                          
KITNJAK     253337,8310,17  45936    576 35,69                                          4     4     5     7    10     9     8     6     4     2     1     0     0    0    0    0          
                            96,52   1,21                                             0,33  0,88  2,18  4,42  9,78 12,46 15,48 14,56 13,73  8,99  4,93  4,26  1,23 2,05 0,66 0,58          
                                     1,2                                              158   420  1038  2102  4656  5931  7366  6930  6533  4280  2347  2027   586  974  313  274          
                                                                                                                                                                                          
CER           6032,70 0,18   1042     19  0,81                                          0     0     0     0     0     0     0     0                       0                               
                             2,19   0,04                                                   0,02  0,12  0,32  0,35  0,32  0,43  0,21                    0,41                               
                                     1,8                                                2     9    59   152   167   152   202   102                     197                               
                                                                                                                                                                                          
O.BUKVA     144325,97 2,73  17493    385 13,59                                         17    11     9     6     4     3     2     1     1     0     0     0     0         0               
                            36,76   0,81                                             1,14  1,92  3,16  3,41  4,23  4,44  3,85  4,14  4,02  2,39  1,46  1,41  0,91      0,28               
                                     2,2                                              542   912  1502  1622  2013  2113  1833  1968  1915  1137   694   673   434       135               
                                                                                                                                                                                          
O.GRAB      524920,15 5,98  23978    490 18,63                                         72    44    29    14     8     3     1     0     0                 0                               
                            50,38   1,03                                             4,71  7,93 10,21  8,81  7,39  4,96  2,78  1,81  1,38              0,42                               
                                     2,0                                             2241  3772  4858  4194  3515  2359  1322   862   655               200                               
                                                                                                                                                                                          
BAGREM      547221,88 7,35  34402   1423 26,73                                         72    45    31    21    13     6     3     1     0     0     0     0                               
                            72,29   2,99                                             5,31  8,43 11,09 12,35 11,75  7,83  6,36  3,49  2,55  1,20  1,64  0,29                               
                                     4,1                                             2526  4011  5280  5876  5594  3725  3025  1662  1213   570   781   139                               
                                                                                                                                                                                          
OTB          77421,35 0,99   3314     71  2,57                                         12     6     3     1     1     0     0     0           0                                           
                             6,96   0,15                                             0,65  0,88  1,03  0,81  0,84  0,67  0,94  0,94        0,22                                           
                                     2,1                                              308   417   488   383   398   320   449   447         105                                           
                                                                                                                                                                                          
OMB          24720,46 0,29   1214     43  0,94                                          3     2     1     0     0     0     0     0                                                       
                             2,55   0,09                                             0,24  0,32  0,48  0,38  0,34  0,40  0,10  0,28                                                       
                                     3,5                                              113   153   231   181   162   193    47   134                                                       
                                                                                                                                                                                          
C.BOR          159,71 0,01     48         0,04                                                                                          0                                                 
                             0,10                                                                                                    0,10                                                 
                                                                                                                                       48                                                 
                                                                                                                                                                                          
Ĵ
UKUPNO      1582225,0927,94 128720   3026100,00                                        182   114    81    52    39    25    17    11     7     3     2     1     0    0    0    0          
                            270,47   6,36                                            12,38 20,38 28,36 30,62 34,85 31,37 30,18 26,03 21,89 13,14  8,56  6,79  2,36 2,05 0,94 0,58          
                                                                                      5889  9693 13498 14568 16587 14929 14358 12389 10415  6253  4075  3236  1126  974  448  274          
                                      2,4                                             0,42  0,36  0,31  0,28  0,24  0,21  0,18  0,16  0,15  0,13  0,15  0,12  0,12 0,08 0,11 0,08          

"Hrvatske ume", d.o.o.                                                                                                                                                                                    Stranica:      3
GJ:  Mali Kalnik - Orehovec  2011-2020                                                                                                                                                                     04.06.2011 21:01
                                                                                         D E N D R O M E T R I J S K A   L I S T A                                                                                         

Ureajni razred:  Raynodobna sjemenja;a bukve                       
Povrina:           134,22   ha
Povrina uzorka:     13,0000 ha
Ŀ
          pBr.stSred. Tem.Zaliha Prirast          ETAT   m3, m3/ha, %                   D i s t r i b u c i j a    b r o j a    s t a b a l a    N/ha,  m a s a  m3/ha   i   m a s a   m3                       
Vrsta     ods=>3prom.       m3     m3    OmjerĴ
  drvea  sĴ m3/ha  m3/ha smjese  I/1   I/2  II/1  II/2    1     2      3     4     5     6     7     8     9    10    11    12    13    14    15    16   17   18   19   20 
          t N/ha cm  m2/ha          %                                   2.5   7.5   12.5  17.5  22.5  27.5  32.5  37.5  42.5  47.5  52.5  57.5  62.5  67.5  72.5  77.5 82.5 87.5 92.5 97.5
Ĵ
LUNJAK        140,68 0,01     68      1  0,19                                                                                    0                                                       
                             0,51   0,01                                                                                       0,51                                                       
                                     1,9                                                                                         68                                                       
                                                                                                                                                                                          
KITNJAK      66335,08 4,93   7132     87 19,64                                          3     6     7     4     3     3     5     4     3     0     0     0     0              0    0     
                            53,14   0,65                                             0,24  1,28  2,69  2,43  3,19  5,00  9,47  9,53  9,30  1,70  3,30  1,13  0,84           1,57 1,45     
                                     1,2                                               32   172   361   326   428   671  1272  1279  1248   228   443   152   113            211  194     
                                                                                                                                                                                          
O.BUKVA     353925,6114,02  18321    409 50,45                                         57    45    37    29    19    14    10     5     5     3     1     0     0              0          
                           136,50   3,05                                             3,89  7,89 12,58 16,36 16,35 17,76 16,80 10,70 13,48  9,72  4,22  2,46  3,12           1,16          
                                     2,2                                              523  1059  1689  2195  2194  2383  2255  1436  1809  1304   567   330   419            156          
                                                                                                                                                                                          
O.GRAB      120319,17 2,67   3401     64  9,36                                         37    20    11     7     4     2     0     0     0                 0                               
                            25,34   0,48                                             2,37  3,41  4,06  4,29  4,26  3,13  1,33  0,79  1,00              0,70                               
                                     1,8                                              318   458   545   576   572   420   179   107   134                94                               
                                                                                                                                                                                          
BAGREM       98624,00 3,43   6719    266 18,50                                         31    23    18    13     8     6     3     0     0     0     0           0    0                    
                            50,06   1,98                                             2,30  4,36  6,61  7,87  6,98  7,99  5,10  1,78  2,57  2,07  0,83        0,62 0,96                    
                                     3,9                                              309   586   887  1056   937  1072   685   238   345   278   112          84  129                    
                                                                                                                                                                                          
OTB          15820,21 0,39    498     12  1,37                                          7     3     1     0     1     0     0                                                             
                             3,71   0,09                                             0,40  0,51  0,44  0,37  0,77  0,66  0,57                                                             
                                     2,4                                               54    68    59    50   103    89    77                                                             
                                                                                                                                                                                          
OMB           5819,26 0,13    178      8  0,49                                          3     2     0     0     0     0                                                                   
                             1,33   0,06                                             0,21  0,38  0,26  0,10  0,10  0,29                                                                   
                                     4,5                                               28    51    35    14    13    38                                                                   
                                                                                                                                                                                          
Ĵ
UKUPNO       660825,3125,58  36317    847100,00                                        139   101    77    55    36    28    20    10     9     4     2     0     0    0         0    0     
                            270,59   6,32                                             9,41 17,83 26,64 31,42 31,65 34,83 33,27 23,31 26,35 13,49  8,35  4,29  4,58 0,96      2,73 1,45     
                                                                                      1263  2393  3576  4216  4247  4673  4467  3128  3536  1810  1121   575   616  129       367  194     
                                      2,3                                             0,38  0,33  0,29  0,26  0,24  0,23  0,20  0,17  0,17  0,19  0,16  0,15  0,17 0,27      0,12 0,08     

"Hrvatske ume", d.o.o.                                                                                                                                                                                    Stranica:      4
GJ:  Mali Kalnik - Orehovec  2011-2020                                                                                                                                                                     04.06.2011 21:01
                                                                                         D E N D R O M E T R I J S K A   L I S T A                                                                                         

Ureajni razred:  Raynodobna sjemenja;a obi;nog graba               
Povrina:            53,15   ha
Povrina uzorka:      9,0000 ha
Ŀ
          pBr.stSred. Tem.Zaliha Prirast          ETAT   m3, m3/ha, %                   D i s t r i b u c i j a    b r o j a    s t a b a l a    N/ha,  m a s a  m3/ha   i   m a s a   m3                       
Vrsta     ods=>3prom.       m3     m3    OmjerĴ
  drvea  sĴ m3/ha  m3/ha smjese  I/1   I/2  II/1  II/2    1     2      3     4     5     6     7     8     9    10    11    12    13    14    15    16   17   18   19   20 
          t N/ha cm  m2/ha          %                                   2.5   7.5   12.5  17.5  22.5  27.5  32.5  37.5  42.5  47.5  52.5  57.5  62.5  67.5  72.5  77.5 82.5 87.5 92.5 97.5
Ĵ
LUNJAK       1030,28 0,08     90      2  0,77                                          0           0           0     0                                                                   
                             1,69   0,04                                             0,03        0,16        0,95  0,55                                                                   
                                     2,3                                                1           8          51    29                                                                   
                                                                                                                                                                                          
KITNJAK      10738,30 1,37   1134     14  9,70                                          1     1     3     0     1     2     2     0     1     0     0     0                               
                            21,34   0,26                                             0,10  0,22  1,20  0,60  1,21  3,73  3,97  2,10  2,96  1,16  2,28  1,83                               
                                     1,2                                                5    12    64    32    64   198   211   112   157    62   121    97                               
                                                                                                                                                                                          
CER          11722,78 0,53    674     12  5,76                                          2     2     2     0     1     0     1     0     0     0                                           
                            12,68   0,23                                             0,20  0,45  0,89  0,42  1,25  0,43  3,46  1,48  1,85  2,25                                           
                                     1,8                                               11    24    47    22    66    23   184    79    98   120                                           
                                                                                                                                                                                          
O.BUKVA       6636,56 0,77    343      7  2,93                                          1     0     0     1     0           0     0           0     0                                     
                             6,45   0,13                                             0,12  0,12  0,22  0,76  0,60        0,61  1,47        1,16  1,41                                     
                                     2,0                                                6     6    12    40    32          32    78          62    75                                     
                                                                                                                                                                                          
O.GRAB      197522,89 9,03   4992     96 42,68                                         70    60    54    32    17     5     4     2     0                 0                               
                            93,92   1,81                                             4,61 10,74 19,06 19,00 15,56  7,23  8,26  5,18  2,51              1,79                               
                                     1,9                                              245   571  1013  1010   827   384   439   275   133                95                               
                                                                                                                                                                                          
BAGREM       92022,71 4,14   2305     95 19,71                                         31    19    22    12     8     3     3     2     0                                                 
                            43,37   1,79                                             2,31  3,50  7,99  7,33  7,40  3,94  5,59  4,62  0,70                                                 
                                     4,1                                              123   186   425   390   393   210   297   245    37                                                 
                                                                                                                                                                                          
OTB          83320,28 2,99    934     22  7,98                                         27    18     6     9     2     0     1     0                             0                         
                            17,57   0,41                                             1,45  2,55  1,89  4,21  1,87  0,75  1,61  0,56                          2,66                         
                                     2,3                                               77   135   100   224   100    40    85    30                           141                         
                                                                                                                                                                                          
OMB          31721,68 1,30    853     27  7,29                                         18    16     6     2     4     2     1     0     0                                                 
                            16,05   0,51                                             1,20  2,54  2,03  1,02  2,99  2,65  1,49  0,95  1,18                                                 
                                     3,1                                               64   135   108    54   159   141    79    50    63                                                 
                                                                                                                                                                                          
C.BOR         2742,72 0,43    372      6  3,18                                                            0     0           2     1     0                                                 
                             7,00   0,11                                                               0,29  0,43        3,09  1,97  1,22                                                 
                                     1,5                                                                 15    23         164   104    65                                                 
                                                                                                                                                                                          
Ĵ
UKUPNO       437223,2620,64  11697    281100,00                                        154   117    97    59    37    16    17     8     4     1     0     0     0                         
                            220,07   5,29                                            10,02 20,12 33,44 33,63 32,26 19,28 28,08 18,33 10,42  4,57  3,69  3,62  2,66                         
                                                                                       532  1068  1777  1787  1714  1025  1492   973   553   243   196   192   141                         
                                      2,4                                             0,41  0,33  0,28  0,24  0,23  0,21  0,19  0,19  0,14  0,13  0,13  0,11  0,10                         

"Hrvatske ume", d.o.o.                                                                                                                                                                                    Stranica:      5
GJ:  Mali Kalnik - Orehovec  2011-2020                                                                                                                                                                     04.06.2011 21:01
                                                                                         D E N D R O M E T R I J S K A   L I S T A                                                                                         

Ureajni razred:  Raynodobna sjemenja;a bagrema                     
Povrina:            97,52   ha
Povrina uzorka:     12,0000 ha
Ŀ
          pBr.stSred. Tem.Zaliha Prirast          ETAT   m3, m3/ha, %                   D i s t r i b u c i j a    b r o j a    s t a b a l a    N/ha,  m a s a  m3/ha   i   m a s a   m3                       
Vrsta     ods=>3prom.       m3     m3    OmjerĴ
  drvea  sĴ m3/ha  m3/ha smjese  I/1   I/2  II/1  II/2    1     2      3     4     5     6     7     8     9    10    11    12    13    14    15    16   17   18   19   20 
          t N/ha cm  m2/ha          %                                   2.5   7.5   12.5  17.5  22.5  27.5  32.5  37.5  42.5  47.5  52.5  57.5  62.5  67.5  72.5  77.5 82.5 87.5 92.5 97.5
Ĵ
LUNJAK       1344,70 0,17    476      8  2,31                                                0                 0     0     0     0     0     0           0                               
                             4,88   0,08                                                   0,06              0,16  0,61  0,29  0,38  0,85  1,04        1,49                               
                                     1,6                                                      6                15    59    29    37    83   102         146                               
                                                                                                                                                                                          
KITNJAK      21531,20 1,37   1997     27  9,70                                          0     2     1     4     2     1     1     1     1     0           0                               
                            20,48   0,28                                             0,07  0,51  0,53  2,77  2,51  2,31  2,64  3,23  3,03  2,03        0,83                               
                                     1,3                                                7    50    52   270   245   225   258   315   296   198          81                               
                                                                                                                                                                                          
O.BUKVA      26525,97 1,17   1213     25  5,89                                          6     4     4     2     1     1     0     0     0     0     0                                     
                            12,44   0,26                                             0,43  0,78  1,41  1,64  1,36  1,71  1,11  0,94  1,16  1,30  0,63                                     
                                     2,0                                               41    76   138   160   133   167   108    91   113   126    61                                     
                                                                                                                                                                                          
O.GRAB      181519,76 4,64   4865    100 23,63                                         79    46    26    16     8     3     1     1           0                                           
                            49,89   1,03                                             5,19  8,29  9,14  9,48  7,64  4,59  2,03  2,53        0,99                                           
                                     2,0                                              506   808   892   925   745   447   198   246          97                                           
                                                                                                                                                                                          
BAGREM      563520,0414,81  11175    479 54,27                                        139    97    67    32    18     8     3     1     1     0     0                                     
                           114,59   4,91                                            10,18 17,92 23,63 18,64 15,93  9,94  6,49  3,41  4,15  2,79  1,52                                     
                                     4,2                                              993  1747  2304  1818  1554   970   632   333   405   272   148                                     
                                                                                                                                                                                          
OTB          36520,25 0,98    783     18  3,80                                         15     7     2     1     0     1     1     0     0                                                 
                             8,03   0,18                                             0,84  1,09  0,59  0,67  0,31  1,82  1,58  0,28  0,84                                                 
                                     2,2                                               82   106    57    65    30   178   154    27    82                                                 
                                                                                                                                                                                          
OMB           6518,14 0,14     82      3  0,40                                          2     1     1     0                                                                               
                             0,84   0,03                                             0,16  0,25  0,35  0,08                                                                               
                                     3,5                                               16    24    34     8                                                                               
                                                                                                                                                                                          
Ĵ
UKUPNO       837320,6123,28  20591    660100,00                                        245   161   102    57    31    17     8     4     3     2     0     0                               
                            211,15   6,77                                            16,87 28,90 35,65 33,28 27,91 20,98 14,14 10,77 10,03  8,15  2,15  2,32                               
                                                                                      1645  2817  3477  3244  2722  2045  1379  1048   978   795   208   227                               
                                      3,2                                             0,47  0,41  0,37  0,31  0,29  0,26  0,24  0,20  0,21  0,19  0,26  0,12                               

"Hrvatske ume", d.o.o.                                                                                                                                                                                    Stranica:      6
GJ:  Mali Kalnik - Orehovec  2011-2020                                                                                                                                                                     04.06.2011 21:01
                                                                                         D E N D R O M E T R I J S K A   L I S T A                                                                                         

Ureajni razred:  raynodobna sjemanja;a kitnjaka posebne namjene    
Povrina:           177,28   ha
Povrina uzorka:     11,0000 ha
Ŀ
          pBr.stSred. Tem.Zaliha Prirast          ETAT   m3, m3/ha, %                   D i s t r i b u c i j a    b r o j a    s t a b a l a    N/ha,  m a s a  m3/ha   i   m a s a   m3                       
Vrsta     ods=>3prom.       m3     m3    OmjerĴ
  drvea  sĴ m3/ha  m3/ha smjese  I/1   I/2  II/1  II/2    1     2      3     4     5     6     7     8     9    10    11    12    13    14    15    16   17   18   19   20 
          t N/ha cm  m2/ha          %                                   2.5   7.5   12.5  17.5  22.5  27.5  32.5  37.5  42.5  47.5  52.5  57.5  62.5  67.5  72.5  77.5 82.5 87.5 92.5 97.5
Ĵ
KITNJAK     222725,9010,67  24060    344 60,07                                         31    36    44    33    26    18    13     6     1     0     0                                     
                           135,72   1,94                                             2,38  6,84 15,97 19,74 23,71 23,43 21,66 13,86  4,43  3,29  0,39                                     
                                     1,4                                              423  1213  2832  3500  4204  4155  3840  2457   785   583    69                                     
                                                                                                                                                                                          
O.BUKVA     183219,35 4,90   9224    225 23,03                                         82    54    34    16     7     2     1     0     0     0           0                    0          
                            52,03   1,27                                             5,95  9,80 11,83  9,48  6,28  3,26  2,11  0,51  0,96  0,30        0,56                 0,99          
                                     2,4                                             1055  1737  2098  1680  1113   578   374    91   171    53          99                  175          
                                                                                                                                                                                          
O.GRAB      219016,77 4,40   4699     99 11,73                                        111    49    23     6     1     0     0                                                             
                            26,51   0,56                                             6,90  7,94  7,15  3,01  1,01  0,13  0,36                                                             
                                     2,1                                             1224  1407  1268   533   179    24    63                                                             
                                                                                                                                                                                          
BAGREM       57114,94 0,91    827     37  2,06                                         16     5     3     1     0     0     0                                                             
                             4,66   0,21                                             1,16  0,98  1,16  0,90  0,14  0,14  0,19                                                             
                                     4,5                                              206   173   206   159    25    25    34                                                             
                                                                                                                                                                                          
OTB          62416,75 1,25   1153     28  2,88                                         19     8     4     0     0     0     0     0     0                                                 
                             6,50   0,16                                             1,03  1,26  1,26  0,40  0,47  0,47  0,51  0,44  0,65                                                 
                                     2,4                                              183   223   224    71    83    84    91    78   116                                                 
                                                                                                                                                                                          
OMB           2018,71 0,05     77      4  0,19                                          1     0     0     0     0                                                                         
                             0,43   0,02                                             0,12  0,10  0,05  0,08  0,09                                                                         
                                     4,6                                               21    18     9    14    15                                                                         
                                                                                                                                                                                          
C.BOR          226,46 0,01     15         0,04                                                            0                                                                               
                             0,08                                                                      0,08                                                                               
                                                                                                         15                                                                               
                                                                                                                                                                                          
Ĵ
UKUPNO       746620,4022,19  40055    737100,00                                        263   155   110    59    36    22    15     6     2     1     0     0                    0          
                            225,93   4,16                                            17,54 26,92 37,42 33,69 31,70 27,43 24,83 14,81  6,04  3,59  0,39  0,56                 0,99          
                                                                                      3110  4770  6635  5973  5619  4865  4402  2625  1072   636    68    99                  175          
                                      1,8                                             0,30  0,25  0,21  0,18  0,15  0,13  0,12  0,10  0,11  0,10  0,08  0,16                 0,15          

"Hrvatske ume", d.o.o.                                                                                                                                                                                    Stranica:      7
GJ:  Mali Kalnik - Orehovec  2011-2020                                                                                                                                                                     04.06.2011 21:01
                                                                                         D E N D R O M E T R I J S K A   L I S T A                                                                                         

Ureajni razred:  raynodobna sjemenja;a bukve posebne namjene       
Povrina:            78,14   ha
Povrina uzorka:      8,0000 ha
Ŀ
          pBr.stSred. Tem.Zaliha Prirast          ETAT   m3, m3/ha, %                   D i s t r i b u c i j a    b r o j a    s t a b a l a    N/ha,  m a s a  m3/ha   i   m a s a   m3                       
Vrsta     ods=>3prom.       m3     m3    OmjerĴ
  drvea  sĴ m3/ha  m3/ha smjese  I/1   I/2  II/1  II/2    1     2      3     4     5     6     7     8     9    10    11    12    13    14    15    16   17   18   19   20 
          t N/ha cm  m2/ha          %                                   2.5   7.5   12.5  17.5  22.5  27.5  32.5  37.5  42.5  47.5  52.5  57.5  62.5  67.5  72.5  77.5 82.5 87.5 92.5 97.5
Ĵ
KITNJAK      37428,30 2,94   3371     49 21,43                                          7    10    16    14     7     5     1     2     1     0                                           
                            43,14   0,63                                             0,53  1,90  5,91  8,59  6,56  7,05  2,91  5,62  3,34  0,73                                           
                                     1,4                                               42   149   461   671   512   551   228   439   261    57                                           
                                                                                                                                                                                          
CER           3440,22 0,54     68      1  0,43                                                                        0     0                                                             
                             0,87   0,01                                                                           0,37  0,50                                                             
                                     1,1                                                                             29    39                                                             
                                                                                                                                                                                          
O.BUKVA     326621,3314,59   9224    217 58,64                                        126    96    59    40    19     9     5     0     1     1     0           0                         
                           118,04   2,78                                             9,12 17,40 20,49 22,89 16,17 10,91  7,90  1,62  3,75  3,95  2,59        1,22                         
                                     2,3                                              713  1360  1601  1789  1264   853   617   127   293   309   202          95                         
                                                                                                                                                                                          
O.GRAB      117817,12 3,39   1916     37 12,18                                         70    41    21     7     2     0     0                                                             
                            24,52   0,47                                             4,38  6,61  6,60  3,82  2,11  0,58  0,44                                                             
                                     1,9                                              342   517   516   299   165    45    35                                                             
                                                                                                                                                                                          
BAGREM        5628,61 0,45    492     17  3,13                                          2     1     2     1     0     0     0     0     0                       0                         
                             6,30   0,22                                             0,19  0,29  0,72  0,58  0,61  0,43  0,90  0,73  0,92                    0,93                         
                                     3,4                                               15    23    56    45    48    33    70    57    72                      73                         
                                                                                                                                                                                          
OTB          17620,41 0,72    398      8  2,53                                          9     6     3     2     0           0     0     0                                                 
                             5,09   0,10                                             0,49  0,86  0,90  1,01  0,66        0,31  0,38  0,48                                                 
                                     1,9                                               38    67    70    79    52          24    30    37                                                 
                                                                                                                                                                                          
OMB           8720,53 0,36    260     10  1,65                                          3     5     2     1     0     0                                                                   
                             3,33   0,13                                             0,22  0,92  0,85  0,56  0,41  0,36                                                                   
                                     3,9                                               17    72    67    44    32    28                                                                   
                                                                                                                                                                                          
Ĵ
UKUPNO       517121,2822,99  15729    339100,00                                        219   162   106    67    31    16     8     4     3     1     0           0                         
                            201,29   4,34                                            14,93 27,98 35,47 37,45 26,52 19,70 12,96  8,35  8,49  4,68  2,59        2,15                         
                                                                                      1166  2187  2771  2926  2072  1538  1012   653   663   366   202         168                         
                                      2,2                                             0,30  0,26  0,23  0,21  0,19  0,17  0,17  0,14  0,15  0,16  0,17        0,21                         

"Hrvatske ume", d.o.o.                                                                                                                                                                                    Stranica:      8
GJ:  Mali Kalnik - Orehovec  2011-2020                                                                                                                                                                     04.06.2011 21:01
                                                                                         D E N D R O M E T R I J S K A   L I S T A                                                                                         

Ureajni razred:  raynodobna sjemenja;a bagrema posebne namjene     
Povrina:             9,46   ha
Povrina uzorka:      1,0000 ha
Ŀ
          pBr.stSred. Tem.Zaliha Prirast          ETAT   m3, m3/ha, %                   D i s t r i b u c i j a    b r o j a    s t a b a l a    N/ha,  m a s a  m3/ha   i   m a s a   m3                       
Vrsta     ods=>3prom.       m3     m3    OmjerĴ
  drvea  sĴ m3/ha  m3/ha smjese  I/1   I/2  II/1  II/2    1     2      3     4     5     6     7     8     9    10    11    12    13    14    15    16   17   18   19   20 
          t N/ha cm  m2/ha          %                                   2.5   7.5   12.5  17.5  22.5  27.5  32.5  37.5  42.5  47.5  52.5  57.5  62.5  67.5  72.5  77.5 82.5 87.5 92.5 97.5
Ĵ
KITNJAK      10020,68 3,36    293      5 31,78                                         38    29     8    13     8     4                                                                   
                            30,97   0,53                                             2,85  5,48  2,89  7,70  7,09  4,96                                                                   
                                     1,7                                               27    52    27    73    67    47                                                                   
                                                                                                                                                                                          
BAGREM       44115,59 8,42    567     27 61,50                                        296   104    29     4     4           4                                                             
                            59,94   2,85                                            20,72 18,20  9,63  2,17  3,23        6,02                                                             
                                     4,7                                              196   172    91    21    31          57                                                             
                                                                                                                                                                                          
OTB           7914,36 1,28     62      2  6,72                                         58    17     4                                                                                     
                             6,55   0,21                                             3,07  2,40  1,11                                                                                     
                                     3,2                                               29    23    11                                                                                     
                                                                                                                                                                                          
Ĵ
UKUPNO        62016,3813,06    922     34100,00                                        392   150    41    17    12     4     4                                                             
                             97,46   3,59                                            26,64 26,08 13,63  9,87 10,32  4,96  6,02                                                             
                                                                                       252   246   128    93    97    46    56                                                             
                                      3,7                                             0,50  0,41  0,36  0,21  0,21  0,12  0,33                                                             

"Hrvatske ume", d.o.o.                                                                                                                                                                                    Stranica:      9
GJ:  Mali Kalnik - Orehovec  2011-2020                                                                                                                                                                     04.06.2011 21:01
                                                                                         D E N D R O M E T R I J S K A   L I S T A                                                                                         

Ureajni razred:  raynodobna panja;a bukve posebne namjene          
Povrina:            39,82   ha
Povrina uzorka:      3,0000 ha
Ŀ
          pBr.stSred. Tem.Zaliha Prirast          ETAT   m3, m3/ha, %                   D i s t r i b u c i j a    b r o j a    s t a b a l a    N/ha,  m a s a  m3/ha   i   m a s a   m3                       
Vrsta     ods=>3prom.       m3     m3    OmjerĴ
  drvea  sĴ m3/ha  m3/ha smjese  I/1   I/2  II/1  II/2    1     2      3     4     5     6     7     8     9    10    11    12    13    14    15    16   17   18   19   20 
          t N/ha cm  m2/ha          %                                   2.5   7.5   12.5  17.5  22.5  27.5  32.5  37.5  42.5  47.5  52.5  57.5  62.5  67.5  72.5  77.5 82.5 87.5 92.5 97.5
Ĵ
KITNJAK       8231,65 2,15    976     13 16,71                                          1     3     3     3     6     6     2     0                                                       
                            24,51   0,33                                             0,10  0,72  1,15  2,03  6,05  8,45  4,20  1,81                                                       
                                     1,3                                                4    29    46    81   241   336   167    72                                                       
                                                                                                                                                                                          
O.BUKVA      82319,32 8,04   2950     74 50,49                                        110    77    61    29    10     3     0                                                             
                            74,08   1,86                                             7,94 13,96 21,08 16,62  8,70  4,46  1,32                                                             
                                     2,5                                              316   556   840   662   346   178    52                                                             
                                                                                                                                                                                          
O.GRAB       47015,77 3,06    922     19 15,78                                        115    47     9     2     1     2     0                                                             
                            23,15   0,48                                             7,14  7,55  2,82  1,05  0,94  2,46  1,18                                                             
                                     2,0                                              284   301   112    42    38    98    47                                                             
                                                                                                                                                                                          
OTB          18520,17 1,97    666     16 11,40                                         29    15    10     7     1     1     0                       0                                     
                            16,73   0,40                                             1,56  2,19  3,01  3,33  0,88  1,91  1,12                    2,71                                     
                                     2,3                                               62    87   120   132    35    76    45                     108                                     
                                                                                                                                                                                          
OMB           7119,13 0,68    237      9  4,06                                         10     6     8     2     0                                                                         
                             5,95   0,23                                             0,68  1,10  2,42  1,19  0,58                                                                         
                                     3,8                                               27    44    96    47    23                                                                         
                                                                                                                                                                                          
SMREKA        8615,49 0,54     91      4  1,56                                         11     5     2                                                                                     
                             2,29   0,10                                             0,76  0,86  0,66                                                                                     
                                     4,3                                               30    34    26                                                                                     
                                                                                                                                                                                          
Ĵ
UKUPNO       171719,1216,44   5842    135100,00                                        277   156    95    44    20    14     5     0                 0                                     
                            146,71   3,40                                            18,18 26,38 31,14 24,22 17,15 17,28  7,82  1,81              2,71                                     
                                                                                       723  1050  1239   964   683   688   311    71               107                                     
                                      2,3                                             0,31  0,27  0,25  0,22  0,18  0,14  0,13  0,10              0,11                                     

